2018-06-21 07:27:35,020 - __main__ - INFO - Reading data
2018-06-21 07:27:45,419 - __main__ - INFO - Done. Read data with shape (100000, 18) and (508438, 18)
2018-06-21 07:28:38,030 - __main__ - INFO - Reading data
2018-06-21 07:28:47,185 - __main__ - INFO - Done. Read data with shape (100000, 18) and (508438, 18)
2018-06-21 07:29:45,468 - __main__ - INFO - Shape of data (100000, 9738)
2018-06-21 07:30:52,107 - __main__ - INFO - Score for settings (True, True, True, True) is 0.24392310009878754
2018-06-21 07:31:18,872 - __main__ - INFO - Shape of data (100000, 10090)
2018-06-21 07:32:17,419 - __main__ - INFO - Score for settings (True, True, True, False) is 0.24427480037566468
2018-06-21 07:33:22,287 - __main__ - INFO - Shape of data (100000, 10046)
2018-06-21 07:34:08,197 - __main__ - INFO - Score for settings (True, True, False, True) is 0.24393414085885298
2018-06-21 07:34:37,712 - __main__ - INFO - Shape of data (100000, 11128)
2018-06-21 07:35:26,838 - __main__ - INFO - Score for settings (True, True, False, False) is 0.24482309308204966
2018-06-21 07:36:48,060 - __main__ - INFO - Shape of data (100000, 12673)
2018-06-21 07:38:07,511 - __main__ - INFO - Score for settings (True, False, True, True) is 0.24336863036748982
2018-06-21 07:38:33,938 - __main__ - INFO - Shape of data (100000, 13035)
2018-06-21 07:39:47,502 - __main__ - INFO - Score for settings (True, False, True, False) is 0.24392594581154942
2018-06-21 07:41:11,218 - __main__ - INFO - Shape of data (100000, 13354)
2018-06-21 07:42:15,855 - __main__ - INFO - Score for settings (True, False, False, True) is 0.24350263247874573
2018-06-21 07:42:45,199 - __main__ - INFO - Shape of data (100000, 14241)
2018-06-21 07:43:37,992 - __main__ - INFO - Score for settings (True, False, False, False) is 0.24447747423045396
2018-06-21 07:44:38,414 - __main__ - INFO - Shape of data (100000, 10705)
2018-06-21 07:45:35,631 - __main__ - INFO - Score for settings (False, True, True, True) is 0.24392267340510607
2018-06-21 07:46:02,942 - __main__ - INFO - Shape of data (100000, 11086)
2018-06-21 07:46:56,372 - __main__ - INFO - Score for settings (False, True, True, False) is 0.24421891908409774
2018-06-21 07:48:00,252 - __main__ - INFO - Shape of data (100000, 11011)
2018-06-21 07:49:00,060 - __main__ - INFO - Score for settings (False, True, False, True) is 0.24381023584443864
2018-06-21 07:49:30,265 - __main__ - INFO - Shape of data (100000, 12155)
2018-06-21 07:50:18,433 - __main__ - INFO - Score for settings (False, True, False, False) is 0.24471919845918577
2018-06-21 07:51:41,001 - __main__ - INFO - Shape of data (100000, 13762)
2018-06-21 07:52:45,349 - __main__ - INFO - Score for settings (False, False, True, True) is 0.24366901110593323
2018-06-21 07:53:11,335 - __main__ - INFO - Shape of data (100000, 14140)
2018-06-21 07:54:18,286 - __main__ - INFO - Score for settings (False, False, True, False) is 0.24373696076542556
2018-06-21 07:55:51,257 - __main__ - INFO - Shape of data (100000, 14410)
2018-06-21 07:56:53,082 - __main__ - INFO - Score for settings (False, False, False, True) is 0.24350481093959267
2018-06-21 07:57:23,238 - __main__ - INFO - Shape of data (100000, 15325)
2018-06-21 07:58:21,882 - __main__ - INFO - Score for settings (False, False, False, False) is 0.2444756339452667
