2018-06-21 07:59:59,498 - __main__ - INFO - Reading data
2018-06-21 08:00:07,041 - __main__ - INFO - Done. Read data with shape (100000, 18) and (508438, 18)
2018-06-21 08:01:25,782 - __main__ - INFO - Shape of data (100000, 36774)
2018-06-21 08:02:35,110 - __main__ - INFO - Score for settings ('l1', 10, True, True, True) is 0.243495132806811
2018-06-21 08:03:54,155 - __main__ - INFO - Shape of data (100000, 36774)
2018-06-21 08:04:59,867 - __main__ - INFO - Score for settings ('l1', 10, True, True, False) is 0.2435771002823569
2018-06-21 08:06:21,998 - __main__ - INFO - Shape of data (100000, 36774)
2018-06-21 08:07:40,789 - __main__ - INFO - Score for settings ('l1', 10, True, False, True) is 0.24345032610437845
2018-06-21 08:09:07,052 - __main__ - INFO - Shape of data (100000, 36774)
2018-06-21 08:10:21,135 - __main__ - INFO - Score for settings ('l1', 10, True, False, False) is 0.24365594431407067
2018-06-21 08:11:43,413 - __main__ - INFO - Shape of data (100000, 36774)
2018-06-21 08:12:55,478 - __main__ - INFO - Score for settings ('l1', 10, False, True, True) is 0.24330739643017926
2018-06-21 08:14:15,501 - __main__ - INFO - Shape of data (100000, 36774)
2018-06-21 08:15:20,986 - __main__ - INFO - Score for settings ('l1', 10, False, True, False) is 0.24342107666486873
2018-06-21 08:16:42,696 - __main__ - INFO - Shape of data (100000, 36774)
2018-06-21 08:17:49,389 - __main__ - INFO - Score for settings ('l1', 10, False, False, True) is 0.24330739643017926
2018-06-21 08:19:09,260 - __main__ - INFO - Shape of data (100000, 36774)
2018-06-21 08:20:20,175 - __main__ - INFO - Score for settings ('l1', 10, False, False, False) is 0.24342107666486873
2018-06-21 08:21:46,591 - __main__ - INFO - Shape of data (100000, 18818)
2018-06-21 08:23:00,928 - __main__ - INFO - Score for settings ('l1', 20, True, True, True) is 0.2434439808008628
2018-06-21 08:24:22,012 - __main__ - INFO - Shape of data (100000, 18818)
2018-06-21 08:25:32,823 - __main__ - INFO - Score for settings ('l1', 20, True, True, False) is 0.24358839086170467
2018-06-21 08:27:02,372 - __main__ - INFO - Shape of data (100000, 18818)
2018-06-21 08:28:52,816 - __main__ - INFO - Score for settings ('l1', 20, True, False, True) is 0.24341981594071038
2018-06-21 08:30:22,851 - __main__ - INFO - Shape of data (100000, 18818)
2018-06-21 08:31:51,624 - __main__ - INFO - Score for settings ('l1', 20, True, False, False) is 0.24355938207752595
2018-06-21 08:33:24,560 - __main__ - INFO - Shape of data (100000, 18818)
2018-06-21 08:35:07,246 - __main__ - INFO - Score for settings ('l1', 20, False, True, True) is 0.24316457220105492
2018-06-21 08:36:41,821 - __main__ - INFO - Shape of data (100000, 18818)
2018-06-21 08:38:04,482 - __main__ - INFO - Score for settings ('l1', 20, False, True, False) is 0.24326268741934223
2018-06-21 08:39:41,517 - __main__ - INFO - Shape of data (100000, 18818)
2018-06-21 08:41:07,776 - __main__ - INFO - Score for settings ('l1', 20, False, False, True) is 0.24316457220105492
2018-06-21 08:42:41,565 - __main__ - INFO - Shape of data (100000, 18818)
2018-06-21 08:44:05,109 - __main__ - INFO - Score for settings ('l1', 20, False, False, False) is 0.24326268741934223
2018-06-21 08:45:40,167 - __main__ - INFO - Shape of data (100000, 7826)
2018-06-21 08:46:41,076 - __main__ - INFO - Score for settings ('l1', 50, True, True, True) is 0.2434056398262816
2018-06-21 08:47:59,948 - __main__ - INFO - Shape of data (100000, 7826)
2018-06-21 08:49:04,721 - __main__ - INFO - Score for settings ('l1', 50, True, True, False) is 0.24361789306784248
2018-06-21 08:50:26,634 - __main__ - INFO - Shape of data (100000, 7826)
2018-06-21 08:51:35,231 - __main__ - INFO - Score for settings ('l1', 50, True, False, True) is 0.2434445976631221
2018-06-21 08:52:59,831 - __main__ - INFO - Shape of data (100000, 7826)
2018-06-21 08:54:16,398 - __main__ - INFO - Score for settings ('l1', 50, True, False, False) is 0.2435933835154674
2018-06-21 08:55:36,884 - __main__ - INFO - Shape of data (100000, 7826)
2018-06-21 08:56:43,162 - __main__ - INFO - Score for settings ('l1', 50, False, True, True) is 0.24329092343949182
2018-06-21 08:58:03,556 - __main__ - INFO - Shape of data (100000, 7826)
2018-06-21 08:59:09,036 - __main__ - INFO - Score for settings ('l1', 50, False, True, False) is 0.2433297540857447
2018-06-21 09:00:31,313 - __main__ - INFO - Shape of data (100000, 7826)
2018-06-21 09:01:38,945 - __main__ - INFO - Score for settings ('l1', 50, False, False, True) is 0.24329092343949182
2018-06-21 09:02:58,582 - __main__ - INFO - Shape of data (100000, 7826)
2018-06-21 09:03:58,128 - __main__ - INFO - Score for settings ('l1', 50, False, False, False) is 0.2433297540857447
2018-06-21 09:05:18,488 - __main__ - INFO - Shape of data (100000, 4064)
2018-06-21 09:06:37,164 - __main__ - INFO - Score for settings ('l1', 100, True, True, True) is 0.24350473929863745
2018-06-21 09:07:58,528 - __main__ - INFO - Shape of data (100000, 4064)
2018-06-21 09:09:10,469 - __main__ - INFO - Score for settings ('l1', 100, True, True, False) is 0.2436264774564042
2018-06-21 09:10:32,615 - __main__ - INFO - Shape of data (100000, 4064)
2018-06-21 09:11:36,856 - __main__ - INFO - Score for settings ('l1', 100, True, False, True) is 0.24350017452582456
2018-06-21 09:13:00,769 - __main__ - INFO - Shape of data (100000, 4064)
2018-06-21 09:14:16,221 - __main__ - INFO - Score for settings ('l1', 100, True, False, False) is 0.2435542800934261
2018-06-21 09:15:38,049 - __main__ - INFO - Shape of data (100000, 4064)
2018-06-21 09:17:00,169 - __main__ - INFO - Score for settings ('l1', 100, False, True, True) is 0.24330429795756794
2018-06-21 09:18:22,280 - __main__ - INFO - Shape of data (100000, 4064)
2018-06-21 09:19:28,896 - __main__ - INFO - Score for settings ('l1', 100, False, True, False) is 0.24333738782863723
2018-06-21 09:20:49,193 - __main__ - INFO - Shape of data (100000, 4064)
2018-06-21 09:22:02,119 - __main__ - INFO - Score for settings ('l1', 100, False, False, True) is 0.24330429795756794
2018-06-21 09:23:22,277 - __main__ - INFO - Shape of data (100000, 4064)
2018-06-21 09:24:26,010 - __main__ - INFO - Score for settings ('l1', 100, False, False, False) is 0.24333738782863723
2018-06-21 09:25:44,262 - __main__ - INFO - Shape of data (100000, 36774)
2018-06-21 09:26:51,318 - __main__ - INFO - Score for settings ('l2', 10, True, True, True) is 0.24364257535271822
2018-06-21 09:28:11,333 - __main__ - INFO - Shape of data (100000, 36774)
2018-06-21 09:29:16,348 - __main__ - INFO - Score for settings ('l2', 10, True, True, False) is 0.24367799716198651
2018-06-21 09:30:36,956 - __main__ - INFO - Shape of data (100000, 36774)
2018-06-21 09:32:00,897 - __main__ - INFO - Score for settings ('l2', 10, True, False, True) is 0.24351433110718892
2018-06-21 09:33:25,824 - __main__ - INFO - Shape of data (100000, 36774)
2018-06-21 09:34:32,747 - __main__ - INFO - Score for settings ('l2', 10, True, False, False) is 0.24364254003918612
2018-06-21 09:35:52,263 - __main__ - INFO - Shape of data (100000, 36774)
2018-06-21 09:37:05,305 - __main__ - INFO - Score for settings ('l2', 10, False, True, True) is 0.24344836779341966
2018-06-21 09:38:26,045 - __main__ - INFO - Shape of data (100000, 36774)
2018-06-21 09:39:40,768 - __main__ - INFO - Score for settings ('l2', 10, False, True, False) is 0.24355157424345925
2018-06-21 09:41:01,181 - __main__ - INFO - Shape of data (100000, 36774)
2018-06-21 09:42:27,323 - __main__ - INFO - Score for settings ('l2', 10, False, False, True) is 0.24344836779341966
2018-06-21 09:43:49,374 - __main__ - INFO - Shape of data (100000, 36774)
2018-06-21 09:45:00,834 - __main__ - INFO - Score for settings ('l2', 10, False, False, False) is 0.24355157424345925
2018-06-21 09:46:21,279 - __main__ - INFO - Shape of data (100000, 18818)
2018-06-21 09:47:26,027 - __main__ - INFO - Score for settings ('l2', 20, True, True, True) is 0.2435543950731472
2018-06-21 09:48:47,761 - __main__ - INFO - Shape of data (100000, 18818)
2018-06-21 09:49:50,069 - __main__ - INFO - Score for settings ('l2', 20, True, True, False) is 0.24346280275627816
2018-06-21 09:51:17,152 - __main__ - INFO - Shape of data (100000, 18818)
2018-06-21 09:52:44,426 - __main__ - INFO - Score for settings ('l2', 20, True, False, True) is 0.24347322543783687
2018-06-21 09:54:07,517 - __main__ - INFO - Shape of data (100000, 18818)
2018-06-21 09:55:28,820 - __main__ - INFO - Score for settings ('l2', 20, True, False, False) is 0.24344650257355469
2018-06-21 09:56:50,352 - __main__ - INFO - Shape of data (100000, 18818)
2018-06-21 09:58:05,488 - __main__ - INFO - Score for settings ('l2', 20, False, True, True) is 0.24346236695164158
2018-06-21 09:59:29,515 - __main__ - INFO - Shape of data (100000, 18818)
2018-06-21 10:00:46,734 - __main__ - INFO - Score for settings ('l2', 20, False, True, False) is 0.24334136530450662
2018-06-21 10:02:08,973 - __main__ - INFO - Shape of data (100000, 18818)
2018-06-21 10:03:18,702 - __main__ - INFO - Score for settings ('l2', 20, False, False, True) is 0.24346236695164158
2018-06-21 10:06:05,172 - __main__ - INFO - Shape of data (100000, 18818)
2018-06-21 10:18:16,112 - __main__ - INFO - Score for settings ('l2', 20, False, False, False) is 0.24334136530450662
2018-06-21 10:19:42,427 - __main__ - INFO - Shape of data (100000, 7826)
2018-06-21 10:20:16,600 - __main__ - INFO - Score for settings ('l2', 50, True, True, True) is 0.24357900342591637
2018-06-21 10:21:29,598 - __main__ - INFO - Shape of data (100000, 7826)
2018-06-21 10:21:57,324 - __main__ - INFO - Score for settings ('l2', 50, True, True, False) is 0.24358049356242117
2018-06-21 10:23:08,648 - __main__ - INFO - Shape of data (100000, 7826)
2018-06-21 10:23:36,939 - __main__ - INFO - Score for settings ('l2', 50, True, False, True) is 0.24357287621833273
2018-06-21 10:24:48,066 - __main__ - INFO - Shape of data (100000, 7826)
2018-06-21 10:25:20,709 - __main__ - INFO - Score for settings ('l2', 50, True, False, False) is 0.243541125863172
2018-06-21 10:26:33,455 - __main__ - INFO - Shape of data (100000, 7826)
2018-06-21 10:27:10,656 - __main__ - INFO - Score for settings ('l2', 50, False, True, True) is 0.2433382092238819
2018-06-21 10:28:27,640 - __main__ - INFO - Shape of data (100000, 7826)
2018-06-21 10:29:30,073 - __main__ - INFO - Score for settings ('l2', 50, False, True, False) is 0.24339206180211997
2018-06-21 10:30:50,089 - __main__ - INFO - Shape of data (100000, 7826)
2018-06-21 10:31:27,586 - __main__ - INFO - Score for settings ('l2', 50, False, False, True) is 0.2433382092238819
2018-06-21 10:32:40,378 - __main__ - INFO - Shape of data (100000, 7826)
2018-06-21 10:33:26,719 - __main__ - INFO - Score for settings ('l2', 50, False, False, False) is 0.24339206180211997
2018-06-21 10:34:40,519 - __main__ - INFO - Shape of data (100000, 4064)
2018-06-21 10:35:19,850 - __main__ - INFO - Score for settings ('l2', 100, True, True, True) is 0.2436019190595361
2018-06-21 10:36:32,948 - __main__ - INFO - Shape of data (100000, 4064)
2018-06-21 10:37:07,322 - __main__ - INFO - Score for settings ('l2', 100, True, True, False) is 0.2436665780658169
2018-06-21 10:38:19,179 - __main__ - INFO - Shape of data (100000, 4064)
2018-06-21 10:38:56,591 - __main__ - INFO - Score for settings ('l2', 100, True, False, True) is 0.24351293361976406
2018-06-21 10:40:09,112 - __main__ - INFO - Shape of data (100000, 4064)
2018-06-21 10:40:39,455 - __main__ - INFO - Score for settings ('l2', 100, True, False, False) is 0.2437130235792006
2018-06-21 10:41:51,241 - __main__ - INFO - Shape of data (100000, 4064)
2018-06-21 10:42:35,757 - __main__ - INFO - Score for settings ('l2', 100, False, True, True) is 0.24354436048332576
2018-06-21 10:43:48,039 - __main__ - INFO - Shape of data (100000, 4064)
2018-06-21 10:44:21,815 - __main__ - INFO - Score for settings ('l2', 100, False, True, False) is 0.24347000808859892
2018-06-21 10:45:32,738 - __main__ - INFO - Shape of data (100000, 4064)
2018-06-21 10:46:11,252 - __main__ - INFO - Score for settings ('l2', 100, False, False, True) is 0.24354436048332576
2018-06-21 10:47:23,312 - __main__ - INFO - Shape of data (100000, 4064)
2018-06-21 10:47:59,447 - __main__ - INFO - Score for settings ('l2', 100, False, False, False) is 0.24347000808859892
