2018-06-24 22:46:13,841 - __main__ - INFO - Reading data
2018-06-24 22:46:46,756 - __main__ - INFO - Done. Read data with shape (1503424, 18) and (508438, 18)
2018-06-24 22:46:46,756 - __main__ - INFO - Cleaning and binning price
2018-06-24 22:46:46,856 - __main__ - INFO - Fill missing price with category mean
2018-06-24 22:46:47,209 - __main__ - INFO - Missing values for price in train and test after imputation are                 0  and 0
2018-06-24 22:46:47,209 - __main__ - INFO - 
2018-06-24 22:46:47,209 - __main__ - INFO - Binning price
2018-06-24 22:46:58,139 - __main__ - INFO - Generating target encoding features for combinations
2018-06-24 22:46:58,557 - __main__ - INFO - Could not find a valid transformation
2018-06-24 22:47:04,081 - __main__ - INFO - Saving label encoded features for price_binned_param_2 and thresh 5
2018-06-24 22:47:09,725 - __main__ - INFO - Saving label encoded features for price_binned_category_name and thresh 5
2018-06-24 22:47:15,279 - __main__ - INFO - Saving label encoded features for price_binned_param_1 and thresh 5
2018-06-24 22:47:20,595 - __main__ - INFO - Saving label encoded features for price_binned_param_3 and thresh 5
2018-06-24 22:47:25,622 - __main__ - INFO - Saving label encoded features for price_binned_parent_category_name and thresh 5
2018-06-24 22:47:31,748 - __main__ - INFO - Saving label encoded features for price_binned_image_top_1 and thresh 5
2018-06-24 22:47:36,475 - __main__ - INFO - Saving label encoded features for price_binned_user_type and thresh 5
2018-06-24 22:47:43,428 - __main__ - INFO - Saving label encoded features for price_binned_region_parent_category_name and thresh 5
2018-06-24 22:47:50,988 - __main__ - INFO - Saving label encoded features for price_binned_region_category_name and thresh 5
2018-06-24 22:48:01,271 - __main__ - INFO - Saving label encoded features for price_binned_city_category_name and thresh 5
2018-06-24 22:48:12,621 - __main__ - INFO - Saving label encoded features for price_binned_user_type_city_category_name and thresh 5
2018-06-24 22:48:27,041 - __main__ - INFO - Saving label encoded features for price_binned_user_type_city_category_name_param_1 and thresh 5
2018-06-24 22:48:41,138 - __main__ - INFO - Saving label encoded features for price_binned_user_type_city_category_name_param_2 and thresh 5
2018-06-24 22:48:41,150 - __main__ - INFO - Processing item seq number
2018-06-24 22:48:43,894 - __main__ - INFO - Generating target encoding features for combinations
2018-06-24 22:49:02,182 - __main__ - INFO - Saving label encoded features for user_id and thresh 5
2018-06-24 22:49:06,913 - __main__ - INFO - Saving label encoded features for region and thresh 5
2018-06-24 22:49:12,779 - __main__ - INFO - Saving label encoded features for city and thresh 5
2018-06-24 22:49:17,260 - __main__ - INFO - Saving label encoded features for parent_category_name and thresh 5
2018-06-24 22:49:22,099 - __main__ - INFO - Saving label encoded features for category_name and thresh 5
2018-06-24 22:49:27,046 - __main__ - INFO - Saving label encoded features for param_1 and thresh 5
2018-06-24 22:49:31,588 - __main__ - INFO - Saving label encoded features for param_2 and thresh 5
2018-06-24 22:49:36,270 - __main__ - INFO - Saving label encoded features for param_3 and thresh 5
2018-06-24 22:49:41,445 - __main__ - INFO - Saving label encoded features for image_top_1 and thresh 5
2018-06-24 22:49:45,598 - __main__ - INFO - Saving label encoded features for user_type and thresh 5
