2018-06-24 08:01:01,847 - __main__ - INFO - Reading data
2018-06-24 08:01:40,944 - __main__ - INFO - Done. Read data with shape (1503424, 18) and (508438, 18)
2018-06-24 08:01:40,944 - __main__ - INFO - Generating base label encoding features
2018-06-24 08:01:41,989 - __main__ - INFO - Fitting dictionary with label to number mapping with threshold 1
2018-06-24 08:01:42,466 - __main__ - INFO - Numerical encoding categorical data for user_id
2018-06-24 08:01:44,070 - __main__ - INFO - Numerical encoding categorical data for user_id
2018-06-24 08:01:45,260 - __main__ - INFO - Saving label encoded features for user_id
2018-06-24 08:01:46,278 - __main__ - INFO - Fitting dictionary with label to number mapping with threshold 2
2018-06-24 08:01:46,498 - __main__ - INFO - Numerical encoding categorical data for user_id
2018-06-24 08:01:47,632 - __main__ - INFO - Numerical encoding categorical data for user_id
2018-06-24 08:01:48,130 - __main__ - INFO - Saving label encoded features for user_id
2018-06-24 08:01:49,102 - __main__ - INFO - Fitting dictionary with label to number mapping with threshold 5
2018-06-24 08:01:49,224 - __main__ - INFO - Numerical encoding categorical data for user_id
2018-06-24 08:01:49,913 - __main__ - INFO - Numerical encoding categorical data for user_id
2018-06-24 08:01:50,200 - __main__ - INFO - Saving label encoded features for user_id
2018-06-24 08:01:51,103 - __main__ - INFO - Fitting dictionary with label to number mapping with threshold 8
2018-06-24 08:01:51,212 - __main__ - INFO - Numerical encoding categorical data for user_id
2018-06-24 08:01:51,822 - __main__ - INFO - Numerical encoding categorical data for user_id
2018-06-24 08:01:52,047 - __main__ - INFO - Saving label encoded features for user_id
2018-06-24 08:01:52,372 - __main__ - INFO - Fitting dictionary with label to number mapping with threshold 1
2018-06-24 08:01:52,372 - __main__ - INFO - Numerical encoding categorical data for region
2018-06-24 08:01:52,742 - __main__ - INFO - Numerical encoding categorical data for region
2018-06-24 08:01:52,853 - __main__ - INFO - Saving label encoded features for region
2018-06-24 08:01:53,171 - __main__ - INFO - Fitting dictionary with label to number mapping with threshold 2
2018-06-24 08:01:53,171 - __main__ - INFO - Numerical encoding categorical data for region
2018-06-24 08:01:53,511 - __main__ - INFO - Numerical encoding categorical data for region
2018-06-24 08:01:53,627 - __main__ - INFO - Saving label encoded features for region
2018-06-24 08:01:53,960 - __main__ - INFO - Fitting dictionary with label to number mapping with threshold 5
2018-06-24 08:01:53,961 - __main__ - INFO - Numerical encoding categorical data for region
2018-06-24 08:01:54,307 - __main__ - INFO - Numerical encoding categorical data for region
2018-06-24 08:01:54,419 - __main__ - INFO - Saving label encoded features for region
2018-06-24 08:01:54,737 - __main__ - INFO - Fitting dictionary with label to number mapping with threshold 8
2018-06-24 08:01:54,737 - __main__ - INFO - Numerical encoding categorical data for region
2018-06-24 08:01:55,073 - __main__ - INFO - Numerical encoding categorical data for region
2018-06-24 08:01:55,188 - __main__ - INFO - Saving label encoded features for region
2018-06-24 08:01:55,725 - __main__ - INFO - Fitting dictionary with label to number mapping with threshold 1
2018-06-24 08:01:55,726 - __main__ - INFO - Numerical encoding categorical data for city
2018-06-24 08:01:56,219 - __main__ - INFO - Numerical encoding categorical data for city
2018-06-24 08:01:56,462 - __main__ - INFO - Saving label encoded features for city
2018-06-24 08:01:56,924 - __main__ - INFO - Fitting dictionary with label to number mapping with threshold 2
2018-06-24 08:01:56,925 - __main__ - INFO - Numerical encoding categorical data for city
2018-06-24 08:01:57,445 - __main__ - INFO - Numerical encoding categorical data for city
2018-06-24 08:01:57,614 - __main__ - INFO - Saving label encoded features for city
2018-06-24 08:01:58,066 - __main__ - INFO - Fitting dictionary with label to number mapping with threshold 5
2018-06-24 08:01:58,067 - __main__ - INFO - Numerical encoding categorical data for city
2018-06-24 08:01:58,562 - __main__ - INFO - Numerical encoding categorical data for city
2018-06-24 08:01:58,738 - __main__ - INFO - Saving label encoded features for city
2018-06-24 08:01:59,199 - __main__ - INFO - Fitting dictionary with label to number mapping with threshold 8
2018-06-24 08:01:59,201 - __main__ - INFO - Numerical encoding categorical data for city
2018-06-24 08:01:59,701 - __main__ - INFO - Numerical encoding categorical data for city
2018-06-24 08:01:59,865 - __main__ - INFO - Saving label encoded features for city
2018-06-24 08:02:00,185 - __main__ - INFO - Fitting dictionary with label to number mapping with threshold 1
2018-06-24 08:02:00,186 - __main__ - INFO - Numerical encoding categorical data for parent_category_name
2018-06-24 08:02:00,514 - __main__ - INFO - Numerical encoding categorical data for parent_category_name
2018-06-24 08:02:00,635 - __main__ - INFO - Saving label encoded features for parent_category_name
2018-06-24 08:02:00,970 - __main__ - INFO - Fitting dictionary with label to number mapping with threshold 2
2018-06-24 08:02:00,970 - __main__ - INFO - Numerical encoding categorical data for parent_category_name
2018-06-24 08:02:01,291 - __main__ - INFO - Numerical encoding categorical data for parent_category_name
2018-06-24 08:02:01,444 - __main__ - INFO - Saving label encoded features for parent_category_name
2018-06-24 08:02:01,774 - __main__ - INFO - Fitting dictionary with label to number mapping with threshold 5
2018-06-24 08:02:01,774 - __main__ - INFO - Numerical encoding categorical data for parent_category_name
2018-06-24 08:02:02,096 - __main__ - INFO - Numerical encoding categorical data for parent_category_name
2018-06-24 08:02:02,202 - __main__ - INFO - Saving label encoded features for parent_category_name
2018-06-24 08:02:02,517 - __main__ - INFO - Fitting dictionary with label to number mapping with threshold 8
2018-06-24 08:02:02,517 - __main__ - INFO - Numerical encoding categorical data for parent_category_name
2018-06-24 08:02:02,832 - __main__ - INFO - Numerical encoding categorical data for parent_category_name
2018-06-24 08:02:02,993 - __main__ - INFO - Saving label encoded features for parent_category_name
2018-06-24 08:02:03,386 - __main__ - INFO - Fitting dictionary with label to number mapping with threshold 1
2018-06-24 08:02:03,386 - __main__ - INFO - Numerical encoding categorical data for category_name
2018-06-24 08:02:03,728 - __main__ - INFO - Numerical encoding categorical data for category_name
2018-06-24 08:02:03,835 - __main__ - INFO - Saving label encoded features for category_name
2018-06-24 08:02:04,149 - __main__ - INFO - Fitting dictionary with label to number mapping with threshold 2
2018-06-24 08:02:04,149 - __main__ - INFO - Numerical encoding categorical data for category_name
2018-06-24 08:02:04,478 - __main__ - INFO - Numerical encoding categorical data for category_name
2018-06-24 08:02:04,589 - __main__ - INFO - Saving label encoded features for category_name
2018-06-24 08:02:04,908 - __main__ - INFO - Fitting dictionary with label to number mapping with threshold 5
2018-06-24 08:02:04,909 - __main__ - INFO - Numerical encoding categorical data for category_name
2018-06-24 08:02:05,243 - __main__ - INFO - Numerical encoding categorical data for category_name
2018-06-24 08:02:05,360 - __main__ - INFO - Saving label encoded features for category_name
2018-06-24 08:02:05,685 - __main__ - INFO - Fitting dictionary with label to number mapping with threshold 8
2018-06-24 08:02:05,685 - __main__ - INFO - Numerical encoding categorical data for category_name
2018-06-24 08:02:06,002 - __main__ - INFO - Numerical encoding categorical data for category_name
2018-06-24 08:02:06,112 - __main__ - INFO - Saving label encoded features for category_name
2018-06-24 08:02:06,461 - __main__ - INFO - Fitting dictionary with label to number mapping with threshold 1
2018-06-24 08:02:06,461 - __main__ - INFO - Numerical encoding categorical data for param_1
2018-06-24 08:02:06,812 - __main__ - INFO - Numerical encoding categorical data for param_1
2018-06-24 08:02:06,925 - __main__ - INFO - Saving label encoded features for param_1
2018-06-24 08:02:07,263 - __main__ - INFO - Fitting dictionary with label to number mapping with threshold 2
2018-06-24 08:02:07,263 - __main__ - INFO - Numerical encoding categorical data for param_1
2018-06-24 08:02:07,606 - __main__ - INFO - Numerical encoding categorical data for param_1
2018-06-24 08:02:07,732 - __main__ - INFO - Saving label encoded features for param_1
2018-06-24 08:02:08,072 - __main__ - INFO - Fitting dictionary with label to number mapping with threshold 5
2018-06-24 08:02:08,072 - __main__ - INFO - Numerical encoding categorical data for param_1
2018-06-24 08:02:08,423 - __main__ - INFO - Numerical encoding categorical data for param_1
2018-06-24 08:02:08,538 - __main__ - INFO - Saving label encoded features for param_1
2018-06-24 08:02:08,920 - __main__ - INFO - Fitting dictionary with label to number mapping with threshold 8
2018-06-24 08:02:08,920 - __main__ - INFO - Numerical encoding categorical data for param_1
2018-06-24 08:02:09,270 - __main__ - INFO - Numerical encoding categorical data for param_1
2018-06-24 08:02:09,426 - __main__ - INFO - Saving label encoded features for param_1
2018-06-24 08:02:09,895 - __main__ - INFO - Fitting dictionary with label to number mapping with threshold 1
2018-06-24 08:02:09,896 - __main__ - INFO - Numerical encoding categorical data for param_2
2018-06-24 08:02:10,363 - __main__ - INFO - Numerical encoding categorical data for param_2
2018-06-24 08:02:10,524 - __main__ - INFO - Saving label encoded features for param_2
2018-06-24 08:02:10,993 - __main__ - INFO - Fitting dictionary with label to number mapping with threshold 2
2018-06-24 08:02:10,994 - __main__ - INFO - Numerical encoding categorical data for param_2
2018-06-24 08:02:11,467 - __main__ - INFO - Numerical encoding categorical data for param_2
2018-06-24 08:02:11,629 - __main__ - INFO - Saving label encoded features for param_2
2018-06-24 08:02:12,092 - __main__ - INFO - Fitting dictionary with label to number mapping with threshold 5
2018-06-24 08:02:12,092 - __main__ - INFO - Numerical encoding categorical data for param_2
2018-06-24 08:02:12,564 - __main__ - INFO - Numerical encoding categorical data for param_2
2018-06-24 08:02:12,723 - __main__ - INFO - Saving label encoded features for param_2
2018-06-24 08:02:13,183 - __main__ - INFO - Fitting dictionary with label to number mapping with threshold 8
2018-06-24 08:02:13,183 - __main__ - INFO - Numerical encoding categorical data for param_2
2018-06-24 08:02:13,676 - __main__ - INFO - Numerical encoding categorical data for param_2
2018-06-24 08:02:13,881 - __main__ - INFO - Saving label encoded features for param_2
2018-06-24 08:02:14,372 - __main__ - INFO - Fitting dictionary with label to number mapping with threshold 1
2018-06-24 08:02:14,372 - __main__ - INFO - Numerical encoding categorical data for param_3
2018-06-24 08:02:14,866 - __main__ - INFO - Numerical encoding categorical data for param_3
2018-06-24 08:02:15,116 - __main__ - INFO - Saving label encoded features for param_3
2018-06-24 08:02:15,625 - __main__ - INFO - Fitting dictionary with label to number mapping with threshold 2
2018-06-24 08:02:15,625 - __main__ - INFO - Numerical encoding categorical data for param_3
2018-06-24 08:02:16,129 - __main__ - INFO - Numerical encoding categorical data for param_3
2018-06-24 08:02:16,299 - __main__ - INFO - Saving label encoded features for param_3
2018-06-24 08:02:16,799 - __main__ - INFO - Fitting dictionary with label to number mapping with threshold 5
2018-06-24 08:02:16,800 - __main__ - INFO - Numerical encoding categorical data for param_3
2018-06-24 08:02:17,303 - __main__ - INFO - Numerical encoding categorical data for param_3
2018-06-24 08:02:17,468 - __main__ - INFO - Saving label encoded features for param_3
2018-06-24 08:02:17,971 - __main__ - INFO - Fitting dictionary with label to number mapping with threshold 8
2018-06-24 08:02:17,972 - __main__ - INFO - Numerical encoding categorical data for param_3
2018-06-24 08:02:18,480 - __main__ - INFO - Numerical encoding categorical data for param_3
2018-06-24 08:02:18,650 - __main__ - INFO - Saving label encoded features for param_3
2018-06-24 08:02:19,076 - __main__ - INFO - Fitting dictionary with label to number mapping with threshold 1
2018-06-24 08:02:19,078 - __main__ - INFO - Numerical encoding categorical data for image_top_1
2018-06-24 08:02:19,475 - __main__ - INFO - Numerical encoding categorical data for image_top_1
2018-06-24 08:02:19,630 - __main__ - INFO - Saving label encoded features for image_top_1
2018-06-24 08:02:20,007 - __main__ - INFO - Fitting dictionary with label to number mapping with threshold 2
2018-06-24 08:02:20,008 - __main__ - INFO - Numerical encoding categorical data for image_top_1
2018-06-24 08:02:20,413 - __main__ - INFO - Numerical encoding categorical data for image_top_1
2018-06-24 08:02:20,594 - __main__ - INFO - Saving label encoded features for image_top_1
2018-06-24 08:02:20,964 - __main__ - INFO - Fitting dictionary with label to number mapping with threshold 5
2018-06-24 08:02:20,966 - __main__ - INFO - Numerical encoding categorical data for image_top_1
2018-06-24 08:02:21,361 - __main__ - INFO - Numerical encoding categorical data for image_top_1
2018-06-24 08:02:21,493 - __main__ - INFO - Saving label encoded features for image_top_1
2018-06-24 08:02:21,857 - __main__ - INFO - Fitting dictionary with label to number mapping with threshold 8
2018-06-24 08:02:21,858 - __main__ - INFO - Numerical encoding categorical data for image_top_1
2018-06-24 08:02:22,248 - __main__ - INFO - Numerical encoding categorical data for image_top_1
2018-06-24 08:02:22,383 - __main__ - INFO - Saving label encoded features for image_top_1
2018-06-24 08:02:22,692 - __main__ - INFO - Fitting dictionary with label to number mapping with threshold 1
2018-06-24 08:02:22,692 - __main__ - INFO - Numerical encoding categorical data for user_type
2018-06-24 08:02:23,000 - __main__ - INFO - Numerical encoding categorical data for user_type
2018-06-24 08:02:23,103 - __main__ - INFO - Saving label encoded features for user_type
2018-06-24 08:02:23,405 - __main__ - INFO - Fitting dictionary with label to number mapping with threshold 2
2018-06-24 08:02:23,405 - __main__ - INFO - Numerical encoding categorical data for user_type
2018-06-24 08:02:23,716 - __main__ - INFO - Numerical encoding categorical data for user_type
2018-06-24 08:02:23,819 - __main__ - INFO - Saving label encoded features for user_type
2018-06-24 08:02:24,123 - __main__ - INFO - Fitting dictionary with label to number mapping with threshold 5
2018-06-24 08:02:24,123 - __main__ - INFO - Numerical encoding categorical data for user_type
2018-06-24 08:02:24,434 - __main__ - INFO - Numerical encoding categorical data for user_type
2018-06-24 08:02:24,537 - __main__ - INFO - Saving label encoded features for user_type
2018-06-24 08:02:24,839 - __main__ - INFO - Fitting dictionary with label to number mapping with threshold 8
2018-06-24 08:02:24,839 - __main__ - INFO - Numerical encoding categorical data for user_type
2018-06-24 08:02:25,166 - __main__ - INFO - Numerical encoding categorical data for user_type
2018-06-24 08:02:25,273 - __main__ - INFO - Saving label encoded features for user_type
2018-06-24 08:02:25,288 - __main__ - INFO - Generating combination label encoding features
2018-06-24 08:03:01,670 - __main__ - INFO - Fitting dictionary with label to number mapping with threshold 3
2018-06-24 08:03:01,670 - __main__ - INFO - Numerical encoding categorical data for region_parent_category_name
2018-06-24 08:03:02,170 - __main__ - INFO - Numerical encoding categorical data for region_parent_category_name
2018-06-24 08:03:02,364 - __main__ - INFO - Saving label encoded features for region_parent_category_name and thresh 3
2018-06-24 08:03:41,709 - __main__ - INFO - Fitting dictionary with label to number mapping with threshold 8
2018-06-24 08:03:41,709 - __main__ - INFO - Numerical encoding categorical data for region_parent_category_name
2018-06-24 08:03:42,236 - __main__ - INFO - Numerical encoding categorical data for region_parent_category_name
2018-06-24 08:03:42,444 - __main__ - INFO - Saving label encoded features for region_parent_category_name and thresh 8
2018-06-24 08:04:18,850 - __main__ - INFO - Fitting dictionary with label to number mapping with threshold 3
2018-06-24 08:04:18,851 - __main__ - INFO - Numerical encoding categorical data for region_category_name
2018-06-24 08:04:19,381 - __main__ - INFO - Numerical encoding categorical data for region_category_name
2018-06-24 08:04:19,594 - __main__ - INFO - Saving label encoded features for region_category_name and thresh 3
2018-06-24 08:04:59,357 - __main__ - INFO - Fitting dictionary with label to number mapping with threshold 8
2018-06-24 08:04:59,358 - __main__ - INFO - Numerical encoding categorical data for region_category_name
2018-06-24 08:04:59,944 - __main__ - INFO - Numerical encoding categorical data for region_category_name
2018-06-24 08:05:00,166 - __main__ - INFO - Saving label encoded features for region_category_name and thresh 8
2018-06-24 08:05:36,777 - __main__ - INFO - Fitting dictionary with label to number mapping with threshold 3
2018-06-24 08:05:36,781 - __main__ - INFO - Numerical encoding categorical data for region_param_1
2018-06-24 08:05:37,440 - __main__ - INFO - Numerical encoding categorical data for region_param_1
2018-06-24 08:05:37,710 - __main__ - INFO - Saving label encoded features for region_param_1 and thresh 3
2018-06-24 08:06:17,876 - __main__ - INFO - Fitting dictionary with label to number mapping with threshold 8
2018-06-24 08:06:17,880 - __main__ - INFO - Numerical encoding categorical data for region_param_1
2018-06-24 08:06:18,508 - __main__ - INFO - Numerical encoding categorical data for region_param_1
2018-06-24 08:06:18,757 - __main__ - INFO - Saving label encoded features for region_param_1 and thresh 8
2018-06-24 08:06:54,899 - __main__ - INFO - Fitting dictionary with label to number mapping with threshold 3
2018-06-24 08:06:54,902 - __main__ - INFO - Numerical encoding categorical data for region_param_2
2018-06-24 08:06:55,509 - __main__ - INFO - Numerical encoding categorical data for region_param_2
2018-06-24 08:06:55,721 - __main__ - INFO - Saving label encoded features for region_param_2 and thresh 3
2018-06-24 08:07:35,681 - __main__ - INFO - Fitting dictionary with label to number mapping with threshold 8
2018-06-24 08:07:35,683 - __main__ - INFO - Numerical encoding categorical data for region_param_2
2018-06-24 08:07:36,226 - __main__ - INFO - Numerical encoding categorical data for region_param_2
2018-06-24 08:07:36,448 - __main__ - INFO - Saving label encoded features for region_param_2 and thresh 8
2018-06-24 08:08:12,756 - __main__ - INFO - Fitting dictionary with label to number mapping with threshold 3
2018-06-24 08:08:12,761 - __main__ - INFO - Numerical encoding categorical data for region_param_3
2018-06-24 08:08:13,314 - __main__ - INFO - Numerical encoding categorical data for region_param_3
2018-06-24 08:08:13,521 - __main__ - INFO - Saving label encoded features for region_param_3 and thresh 3
2018-06-24 08:08:53,636 - __main__ - INFO - Fitting dictionary with label to number mapping with threshold 8
2018-06-24 08:08:53,641 - __main__ - INFO - Numerical encoding categorical data for region_param_3
2018-06-24 08:08:54,206 - __main__ - INFO - Numerical encoding categorical data for region_param_3
2018-06-24 08:08:54,426 - __main__ - INFO - Saving label encoded features for region_param_3 and thresh 8
2018-06-24 08:09:30,651 - __main__ - INFO - Fitting dictionary with label to number mapping with threshold 3
2018-06-24 08:09:30,684 - __main__ - INFO - Numerical encoding categorical data for region_image_top_1
2018-06-24 08:09:31,520 - __main__ - INFO - Numerical encoding categorical data for region_image_top_1
2018-06-24 08:09:31,897 - __main__ - INFO - Saving label encoded features for region_image_top_1 and thresh 3
2018-06-24 08:10:12,509 - __main__ - INFO - Fitting dictionary with label to number mapping with threshold 8
2018-06-24 08:10:12,534 - __main__ - INFO - Numerical encoding categorical data for region_image_top_1
2018-06-24 08:10:13,248 - __main__ - INFO - Numerical encoding categorical data for region_image_top_1
2018-06-24 08:10:13,560 - __main__ - INFO - Saving label encoded features for region_image_top_1 and thresh 8
2018-06-24 08:10:49,304 - __main__ - INFO - Fitting dictionary with label to number mapping with threshold 3
2018-06-24 08:10:49,304 - __main__ - INFO - Numerical encoding categorical data for region_user_type
2018-06-24 08:10:49,785 - __main__ - INFO - Numerical encoding categorical data for region_user_type
2018-06-24 08:10:49,970 - __main__ - INFO - Saving label encoded features for region_user_type and thresh 3
2018-06-24 08:11:30,557 - __main__ - INFO - Fitting dictionary with label to number mapping with threshold 8
2018-06-24 08:11:30,558 - __main__ - INFO - Numerical encoding categorical data for region_user_type
2018-06-24 08:11:31,013 - __main__ - INFO - Numerical encoding categorical data for region_user_type
2018-06-24 08:11:31,194 - __main__ - INFO - Saving label encoded features for region_user_type and thresh 8
2018-06-24 08:12:07,619 - __main__ - INFO - Fitting dictionary with label to number mapping with threshold 3
2018-06-24 08:12:07,624 - __main__ - INFO - Numerical encoding categorical data for city_parent_category_name
2018-06-24 08:12:08,298 - __main__ - INFO - Numerical encoding categorical data for city_parent_category_name
2018-06-24 08:12:08,582 - __main__ - INFO - Saving label encoded features for city_parent_category_name and thresh 3
2018-06-24 08:12:49,650 - __main__ - INFO - Fitting dictionary with label to number mapping with threshold 8
2018-06-24 08:12:49,655 - __main__ - INFO - Numerical encoding categorical data for city_parent_category_name
2018-06-24 08:12:50,294 - __main__ - INFO - Numerical encoding categorical data for city_parent_category_name
2018-06-24 08:12:50,554 - __main__ - INFO - Saving label encoded features for city_parent_category_name and thresh 8
2018-06-24 08:13:27,379 - __main__ - INFO - Fitting dictionary with label to number mapping with threshold 3
2018-06-24 08:13:27,393 - __main__ - INFO - Numerical encoding categorical data for city_category_name
2018-06-24 08:13:28,246 - __main__ - INFO - Numerical encoding categorical data for city_category_name
2018-06-24 08:13:28,564 - __main__ - INFO - Saving label encoded features for city_category_name and thresh 3
2018-06-24 08:14:10,532 - __main__ - INFO - Fitting dictionary with label to number mapping with threshold 8
2018-06-24 08:14:10,542 - __main__ - INFO - Numerical encoding categorical data for city_category_name
2018-06-24 08:14:11,278 - __main__ - INFO - Numerical encoding categorical data for city_category_name
2018-06-24 08:14:11,594 - __main__ - INFO - Saving label encoded features for city_category_name and thresh 8
2018-06-24 08:14:48,230 - __main__ - INFO - Fitting dictionary with label to number mapping with threshold 3
2018-06-24 08:14:48,257 - __main__ - INFO - Numerical encoding categorical data for city_param_1
2018-06-24 08:14:49,134 - __main__ - INFO - Numerical encoding categorical data for city_param_1
2018-06-24 08:14:49,467 - __main__ - INFO - Saving label encoded features for city_param_1 and thresh 3
2018-06-24 08:15:31,651 - __main__ - INFO - Fitting dictionary with label to number mapping with threshold 8
2018-06-24 08:15:31,676 - __main__ - INFO - Numerical encoding categorical data for city_param_1
2018-06-24 08:15:32,441 - __main__ - INFO - Numerical encoding categorical data for city_param_1
2018-06-24 08:15:32,800 - __main__ - INFO - Saving label encoded features for city_param_1 and thresh 8
2018-06-24 08:16:09,614 - __main__ - INFO - Fitting dictionary with label to number mapping with threshold 3
2018-06-24 08:16:09,632 - __main__ - INFO - Numerical encoding categorical data for city_param_2
2018-06-24 08:16:10,435 - __main__ - INFO - Numerical encoding categorical data for city_param_2
2018-06-24 08:16:10,742 - __main__ - INFO - Saving label encoded features for city_param_2 and thresh 3
2018-06-24 08:16:53,537 - __main__ - INFO - Fitting dictionary with label to number mapping with threshold 8
2018-06-24 08:16:53,553 - __main__ - INFO - Numerical encoding categorical data for city_param_2
2018-06-24 08:16:54,330 - __main__ - INFO - Numerical encoding categorical data for city_param_2
2018-06-24 08:16:54,672 - __main__ - INFO - Saving label encoded features for city_param_2 and thresh 8
2018-06-24 08:17:31,462 - __main__ - INFO - Fitting dictionary with label to number mapping with threshold 3
2018-06-24 08:17:31,480 - __main__ - INFO - Numerical encoding categorical data for city_param_3
2018-06-24 08:17:32,181 - __main__ - INFO - Numerical encoding categorical data for city_param_3
2018-06-24 08:17:32,437 - __main__ - INFO - Saving label encoded features for city_param_3 and thresh 3
2018-06-24 08:18:15,191 - __main__ - INFO - Fitting dictionary with label to number mapping with threshold 8
2018-06-24 08:18:15,208 - __main__ - INFO - Numerical encoding categorical data for city_param_3
2018-06-24 08:18:15,897 - __main__ - INFO - Numerical encoding categorical data for city_param_3
2018-06-24 08:18:16,177 - __main__ - INFO - Saving label encoded features for city_param_3 and thresh 8
2018-06-24 08:18:52,934 - __main__ - INFO - Fitting dictionary with label to number mapping with threshold 3
2018-06-24 08:18:53,027 - __main__ - INFO - Numerical encoding categorical data for city_image_top_1
2018-06-24 08:18:54,073 - __main__ - INFO - Numerical encoding categorical data for city_image_top_1
2018-06-24 08:18:54,505 - __main__ - INFO - Saving label encoded features for city_image_top_1 and thresh 3
2018-06-24 08:19:37,813 - __main__ - INFO - Fitting dictionary with label to number mapping with threshold 8
2018-06-24 08:19:37,883 - __main__ - INFO - Numerical encoding categorical data for city_image_top_1
2018-06-24 08:19:38,705 - __main__ - INFO - Numerical encoding categorical data for city_image_top_1
2018-06-24 08:19:39,065 - __main__ - INFO - Saving label encoded features for city_image_top_1 and thresh 8
2018-06-24 08:20:15,636 - __main__ - INFO - Fitting dictionary with label to number mapping with threshold 3
2018-06-24 08:20:15,638 - __main__ - INFO - Numerical encoding categorical data for city_user_type
2018-06-24 08:20:16,249 - __main__ - INFO - Numerical encoding categorical data for city_user_type
2018-06-24 08:20:16,469 - __main__ - INFO - Saving label encoded features for city_user_type and thresh 3
2018-06-24 08:20:59,714 - __main__ - INFO - Fitting dictionary with label to number mapping with threshold 8
2018-06-24 08:20:59,716 - __main__ - INFO - Numerical encoding categorical data for city_user_type
2018-06-24 08:21:00,249 - __main__ - INFO - Numerical encoding categorical data for city_user_type
2018-06-24 08:21:00,475 - __main__ - INFO - Saving label encoded features for city_user_type and thresh 8
2018-06-24 08:21:36,415 - __main__ - INFO - Fitting dictionary with label to number mapping with threshold 3
2018-06-24 08:21:36,416 - __main__ - INFO - Numerical encoding categorical data for parent_category_name_param_1
2018-06-24 08:21:36,896 - __main__ - INFO - Numerical encoding categorical data for parent_category_name_param_1
2018-06-24 08:21:37,079 - __main__ - INFO - Saving label encoded features for parent_category_name_param_1 and thresh 3
2018-06-24 08:22:20,160 - __main__ - INFO - Fitting dictionary with label to number mapping with threshold 8
2018-06-24 08:22:20,161 - __main__ - INFO - Numerical encoding categorical data for parent_category_name_param_1
2018-06-24 08:22:20,639 - __main__ - INFO - Numerical encoding categorical data for parent_category_name_param_1
2018-06-24 08:22:20,830 - __main__ - INFO - Saving label encoded features for parent_category_name_param_1 and thresh 8
2018-06-24 08:22:56,838 - __main__ - INFO - Fitting dictionary with label to number mapping with threshold 3
2018-06-24 08:22:56,839 - __main__ - INFO - Numerical encoding categorical data for parent_category_name_param_2
2018-06-24 08:22:57,293 - __main__ - INFO - Numerical encoding categorical data for parent_category_name_param_2
2018-06-24 08:22:57,467 - __main__ - INFO - Saving label encoded features for parent_category_name_param_2 and thresh 3
2018-06-24 08:23:40,558 - __main__ - INFO - Fitting dictionary with label to number mapping with threshold 8
2018-06-24 08:23:40,559 - __main__ - INFO - Numerical encoding categorical data for parent_category_name_param_2
2018-06-24 08:23:41,006 - __main__ - INFO - Numerical encoding categorical data for parent_category_name_param_2
2018-06-24 08:23:41,178 - __main__ - INFO - Saving label encoded features for parent_category_name_param_2 and thresh 8
2018-06-24 08:24:17,333 - __main__ - INFO - Fitting dictionary with label to number mapping with threshold 3
2018-06-24 08:24:17,335 - __main__ - INFO - Numerical encoding categorical data for parent_category_name_param_3
2018-06-24 08:24:17,824 - __main__ - INFO - Numerical encoding categorical data for parent_category_name_param_3
2018-06-24 08:24:17,992 - __main__ - INFO - Saving label encoded features for parent_category_name_param_3 and thresh 3
2018-06-24 08:25:01,385 - __main__ - INFO - Fitting dictionary with label to number mapping with threshold 8
2018-06-24 08:25:01,386 - __main__ - INFO - Numerical encoding categorical data for parent_category_name_param_3
2018-06-24 08:25:01,831 - __main__ - INFO - Numerical encoding categorical data for parent_category_name_param_3
2018-06-24 08:25:02,019 - __main__ - INFO - Saving label encoded features for parent_category_name_param_3 and thresh 8
2018-06-24 08:25:37,959 - __main__ - INFO - Fitting dictionary with label to number mapping with threshold 3
2018-06-24 08:25:37,966 - __main__ - INFO - Numerical encoding categorical data for parent_category_name_image_top_1
2018-06-24 08:25:38,521 - __main__ - INFO - Numerical encoding categorical data for parent_category_name_image_top_1
2018-06-24 08:25:38,727 - __main__ - INFO - Saving label encoded features for parent_category_name_image_top_1 and thresh 3
2018-06-24 08:26:22,223 - __main__ - INFO - Fitting dictionary with label to number mapping with threshold 8
2018-06-24 08:26:22,231 - __main__ - INFO - Numerical encoding categorical data for parent_category_name_image_top_1
2018-06-24 08:26:22,849 - __main__ - INFO - Numerical encoding categorical data for parent_category_name_image_top_1
2018-06-24 08:26:23,074 - __main__ - INFO - Saving label encoded features for parent_category_name_image_top_1 and thresh 8
2018-06-24 08:26:58,995 - __main__ - INFO - Fitting dictionary with label to number mapping with threshold 3
2018-06-24 08:26:58,995 - __main__ - INFO - Numerical encoding categorical data for parent_category_name_user_type
2018-06-24 08:26:59,472 - __main__ - INFO - Numerical encoding categorical data for parent_category_name_user_type
2018-06-24 08:26:59,648 - __main__ - INFO - Saving label encoded features for parent_category_name_user_type and thresh 3
2018-06-24 08:27:43,806 - __main__ - INFO - Fitting dictionary with label to number mapping with threshold 8
2018-06-24 08:27:43,806 - __main__ - INFO - Numerical encoding categorical data for parent_category_name_user_type
2018-06-24 08:27:44,233 - __main__ - INFO - Numerical encoding categorical data for parent_category_name_user_type
2018-06-24 08:27:44,424 - __main__ - INFO - Saving label encoded features for parent_category_name_user_type and thresh 8
2018-06-24 08:28:20,639 - __main__ - INFO - Fitting dictionary with label to number mapping with threshold 3
2018-06-24 08:28:20,639 - __main__ - INFO - Numerical encoding categorical data for category_name_param_1
2018-06-24 08:28:21,240 - __main__ - INFO - Numerical encoding categorical data for category_name_param_1
2018-06-24 08:28:21,433 - __main__ - INFO - Saving label encoded features for category_name_param_1 and thresh 3
2018-06-24 08:29:05,523 - __main__ - INFO - Fitting dictionary with label to number mapping with threshold 8
2018-06-24 08:29:05,523 - __main__ - INFO - Numerical encoding categorical data for category_name_param_1
2018-06-24 08:29:06,009 - __main__ - INFO - Numerical encoding categorical data for category_name_param_1
2018-06-24 08:29:06,292 - __main__ - INFO - Saving label encoded features for category_name_param_1 and thresh 8
2018-06-24 08:29:42,475 - __main__ - INFO - Fitting dictionary with label to number mapping with threshold 3
2018-06-24 08:29:42,476 - __main__ - INFO - Numerical encoding categorical data for category_name_param_2
2018-06-24 08:29:42,968 - __main__ - INFO - Numerical encoding categorical data for category_name_param_2
2018-06-24 08:29:43,153 - __main__ - INFO - Saving label encoded features for category_name_param_2 and thresh 3
2018-06-24 08:30:28,247 - __main__ - INFO - Fitting dictionary with label to number mapping with threshold 8
2018-06-24 08:30:28,247 - __main__ - INFO - Numerical encoding categorical data for category_name_param_2
2018-06-24 08:30:28,710 - __main__ - INFO - Numerical encoding categorical data for category_name_param_2
2018-06-24 08:30:28,902 - __main__ - INFO - Saving label encoded features for category_name_param_2 and thresh 8
2018-06-24 08:31:05,068 - __main__ - INFO - Fitting dictionary with label to number mapping with threshold 3
2018-06-24 08:31:05,069 - __main__ - INFO - Numerical encoding categorical data for category_name_param_3
2018-06-24 08:31:05,542 - __main__ - INFO - Numerical encoding categorical data for category_name_param_3
2018-06-24 08:31:05,738 - __main__ - INFO - Saving label encoded features for category_name_param_3 and thresh 3
2018-06-24 08:31:50,393 - __main__ - INFO - Fitting dictionary with label to number mapping with threshold 8
2018-06-24 08:31:50,394 - __main__ - INFO - Numerical encoding categorical data for category_name_param_3
2018-06-24 08:31:50,887 - __main__ - INFO - Numerical encoding categorical data for category_name_param_3
2018-06-24 08:31:51,074 - __main__ - INFO - Saving label encoded features for category_name_param_3 and thresh 8
2018-06-24 08:32:27,174 - __main__ - INFO - Fitting dictionary with label to number mapping with threshold 3
2018-06-24 08:32:27,189 - __main__ - INFO - Numerical encoding categorical data for category_name_image_top_1
2018-06-24 08:32:27,825 - __main__ - INFO - Numerical encoding categorical data for category_name_image_top_1
2018-06-24 08:32:28,051 - __main__ - INFO - Saving label encoded features for category_name_image_top_1 and thresh 3
2018-06-24 08:33:13,231 - __main__ - INFO - Fitting dictionary with label to number mapping with threshold 8
2018-06-24 08:33:13,244 - __main__ - INFO - Numerical encoding categorical data for category_name_image_top_1
2018-06-24 08:33:13,864 - __main__ - INFO - Numerical encoding categorical data for category_name_image_top_1
2018-06-24 08:33:14,115 - __main__ - INFO - Saving label encoded features for category_name_image_top_1 and thresh 8
2018-06-24 08:33:50,006 - __main__ - INFO - Fitting dictionary with label to number mapping with threshold 3
2018-06-24 08:33:50,007 - __main__ - INFO - Numerical encoding categorical data for category_name_user_type
2018-06-24 08:33:50,461 - __main__ - INFO - Numerical encoding categorical data for category_name_user_type
2018-06-24 08:33:50,647 - __main__ - INFO - Saving label encoded features for category_name_user_type and thresh 3
2018-06-24 08:34:35,615 - __main__ - INFO - Fitting dictionary with label to number mapping with threshold 8
2018-06-24 08:34:35,615 - __main__ - INFO - Numerical encoding categorical data for category_name_user_type
2018-06-24 08:34:36,087 - __main__ - INFO - Numerical encoding categorical data for category_name_user_type
2018-06-24 08:34:36,267 - __main__ - INFO - Saving label encoded features for category_name_user_type and thresh 8
2018-06-24 08:35:12,411 - __main__ - INFO - Fitting dictionary with label to number mapping with threshold 3
2018-06-24 08:35:12,411 - __main__ - INFO - Numerical encoding categorical data for param_1_param_2
2018-06-24 08:35:12,876 - __main__ - INFO - Numerical encoding categorical data for param_1_param_2
2018-06-24 08:35:13,053 - __main__ - INFO - Saving label encoded features for param_1_param_2 and thresh 3
2018-06-24 08:35:58,133 - __main__ - INFO - Fitting dictionary with label to number mapping with threshold 8
2018-06-24 08:35:58,133 - __main__ - INFO - Numerical encoding categorical data for param_1_param_2
2018-06-24 08:35:58,600 - __main__ - INFO - Numerical encoding categorical data for param_1_param_2
2018-06-24 08:35:58,774 - __main__ - INFO - Saving label encoded features for param_1_param_2 and thresh 8
2018-06-24 08:36:34,838 - __main__ - INFO - Fitting dictionary with label to number mapping with threshold 3
2018-06-24 08:36:34,839 - __main__ - INFO - Numerical encoding categorical data for param_1_param_3
2018-06-24 08:36:35,289 - __main__ - INFO - Numerical encoding categorical data for param_1_param_3
2018-06-24 08:36:35,460 - __main__ - INFO - Saving label encoded features for param_1_param_3 and thresh 3
2018-06-24 08:37:21,000 - __main__ - INFO - Fitting dictionary with label to number mapping with threshold 8
2018-06-24 08:37:21,001 - __main__ - INFO - Numerical encoding categorical data for param_1_param_3
2018-06-24 08:37:21,445 - __main__ - INFO - Numerical encoding categorical data for param_1_param_3
2018-06-24 08:37:21,621 - __main__ - INFO - Saving label encoded features for param_1_param_3 and thresh 8
2018-06-24 08:37:57,658 - __main__ - INFO - Fitting dictionary with label to number mapping with threshold 3
2018-06-24 08:37:57,679 - __main__ - INFO - Numerical encoding categorical data for param_1_image_top_1
2018-06-24 08:37:58,306 - __main__ - INFO - Numerical encoding categorical data for param_1_image_top_1
2018-06-24 08:37:58,531 - __main__ - INFO - Saving label encoded features for param_1_image_top_1 and thresh 3
2018-06-24 08:38:43,741 - __main__ - INFO - Fitting dictionary with label to number mapping with threshold 8
2018-06-24 08:38:43,759 - __main__ - INFO - Numerical encoding categorical data for param_1_image_top_1
2018-06-24 08:38:44,407 - __main__ - INFO - Numerical encoding categorical data for param_1_image_top_1
2018-06-24 08:38:44,692 - __main__ - INFO - Saving label encoded features for param_1_image_top_1 and thresh 8
2018-06-24 08:39:20,404 - __main__ - INFO - Fitting dictionary with label to number mapping with threshold 3
2018-06-24 08:39:20,405 - __main__ - INFO - Numerical encoding categorical data for param_1_user_type
2018-06-24 08:39:20,888 - __main__ - INFO - Numerical encoding categorical data for param_1_user_type
2018-06-24 08:39:21,063 - __main__ - INFO - Saving label encoded features for param_1_user_type and thresh 3
2018-06-24 08:40:06,475 - __main__ - INFO - Fitting dictionary with label to number mapping with threshold 8
2018-06-24 08:40:06,476 - __main__ - INFO - Numerical encoding categorical data for param_1_user_type
2018-06-24 08:40:06,933 - __main__ - INFO - Numerical encoding categorical data for param_1_user_type
2018-06-24 08:40:07,137 - __main__ - INFO - Saving label encoded features for param_1_user_type and thresh 8
2018-06-24 08:40:43,502 - __main__ - INFO - Fitting dictionary with label to number mapping with threshold 3
2018-06-24 08:40:43,503 - __main__ - INFO - Numerical encoding categorical data for param_2_param_3
2018-06-24 08:40:43,929 - __main__ - INFO - Numerical encoding categorical data for param_2_param_3
2018-06-24 08:40:44,087 - __main__ - INFO - Saving label encoded features for param_2_param_3 and thresh 3
2018-06-24 08:41:30,235 - __main__ - INFO - Fitting dictionary with label to number mapping with threshold 8
2018-06-24 08:41:30,236 - __main__ - INFO - Numerical encoding categorical data for param_2_param_3
2018-06-24 08:41:30,696 - __main__ - INFO - Numerical encoding categorical data for param_2_param_3
2018-06-24 08:41:30,864 - __main__ - INFO - Saving label encoded features for param_2_param_3 and thresh 8
2018-06-24 08:42:06,989 - __main__ - INFO - Fitting dictionary with label to number mapping with threshold 3
2018-06-24 08:42:07,000 - __main__ - INFO - Numerical encoding categorical data for param_2_image_top_1
2018-06-24 08:42:07,564 - __main__ - INFO - Numerical encoding categorical data for param_2_image_top_1
2018-06-24 08:42:07,808 - __main__ - INFO - Saving label encoded features for param_2_image_top_1 and thresh 3
2018-06-24 08:42:54,169 - __main__ - INFO - Fitting dictionary with label to number mapping with threshold 8
2018-06-24 08:42:54,180 - __main__ - INFO - Numerical encoding categorical data for param_2_image_top_1
2018-06-24 08:42:54,758 - __main__ - INFO - Numerical encoding categorical data for param_2_image_top_1
2018-06-24 08:42:54,976 - __main__ - INFO - Saving label encoded features for param_2_image_top_1 and thresh 8
2018-06-24 08:43:31,108 - __main__ - INFO - Fitting dictionary with label to number mapping with threshold 3
2018-06-24 08:43:31,118 - __main__ - INFO - Numerical encoding categorical data for param_3_image_top_1
2018-06-24 08:43:31,716 - __main__ - INFO - Numerical encoding categorical data for param_3_image_top_1
2018-06-24 08:43:31,927 - __main__ - INFO - Saving label encoded features for param_3_image_top_1 and thresh 3
2018-06-24 08:44:18,383 - __main__ - INFO - Fitting dictionary with label to number mapping with threshold 8
2018-06-24 08:44:18,392 - __main__ - INFO - Numerical encoding categorical data for param_3_image_top_1
2018-06-24 08:44:18,949 - __main__ - INFO - Numerical encoding categorical data for param_3_image_top_1
2018-06-24 08:44:19,158 - __main__ - INFO - Saving label encoded features for param_3_image_top_1 and thresh 8
2018-06-24 08:44:54,771 - __main__ - INFO - Fitting dictionary with label to number mapping with threshold 3
2018-06-24 08:44:54,775 - __main__ - INFO - Numerical encoding categorical data for image_top_1_user_type
2018-06-24 08:44:55,229 - __main__ - INFO - Numerical encoding categorical data for image_top_1_user_type
2018-06-24 08:44:55,406 - __main__ - INFO - Saving label encoded features for image_top_1_user_type and thresh 3
2018-06-24 08:45:41,958 - __main__ - INFO - Fitting dictionary with label to number mapping with threshold 8
2018-06-24 08:45:41,961 - __main__ - INFO - Numerical encoding categorical data for image_top_1_user_type
2018-06-24 08:45:42,431 - __main__ - INFO - Numerical encoding categorical data for image_top_1_user_type
2018-06-24 08:45:42,610 - __main__ - INFO - Saving label encoded features for image_top_1_user_type and thresh 8
2018-06-24 08:46:19,570 - __main__ - INFO - Fitting dictionary with label to number mapping with threshold 3
2018-06-24 08:46:19,575 - __main__ - INFO - Numerical encoding categorical data for region_category_name_param_1
2018-06-24 08:46:20,356 - __main__ - INFO - Numerical encoding categorical data for region_category_name_param_1
2018-06-24 08:46:20,646 - __main__ - INFO - Saving label encoded features for region_category_name_param_1 and thresh 3
2018-06-24 08:47:08,665 - __main__ - INFO - Fitting dictionary with label to number mapping with threshold 8
2018-06-24 08:47:08,669 - __main__ - INFO - Numerical encoding categorical data for region_category_name_param_1
2018-06-24 08:47:09,451 - __main__ - INFO - Numerical encoding categorical data for region_category_name_param_1
2018-06-24 08:47:09,748 - __main__ - INFO - Saving label encoded features for region_category_name_param_1 and thresh 8
2018-06-24 08:47:46,437 - __main__ - INFO - Fitting dictionary with label to number mapping with threshold 3
2018-06-24 08:47:46,438 - __main__ - INFO - Numerical encoding categorical data for user_type_region_parent_category_name
2018-06-24 08:47:46,977 - __main__ - INFO - Numerical encoding categorical data for user_type_region_parent_category_name
2018-06-24 08:47:47,195 - __main__ - INFO - Saving label encoded features for user_type_region_parent_category_name and thresh 3
2018-06-24 08:48:34,927 - __main__ - INFO - Fitting dictionary with label to number mapping with threshold 8
2018-06-24 08:48:34,928 - __main__ - INFO - Numerical encoding categorical data for user_type_region_parent_category_name
2018-06-24 08:48:35,465 - __main__ - INFO - Numerical encoding categorical data for user_type_region_parent_category_name
2018-06-24 08:48:35,693 - __main__ - INFO - Saving label encoded features for user_type_region_parent_category_name and thresh 8
2018-06-24 08:49:13,228 - __main__ - INFO - Fitting dictionary with label to number mapping with threshold 3
2018-06-24 08:49:13,239 - __main__ - INFO - Numerical encoding categorical data for user_type_region_category_name_param_1
2018-06-24 08:49:14,122 - __main__ - INFO - Numerical encoding categorical data for user_type_region_category_name_param_1
2018-06-24 08:49:14,453 - __main__ - INFO - Saving label encoded features for user_type_region_category_name_param_1 and thresh 3
2018-06-24 08:50:03,841 - __main__ - INFO - Fitting dictionary with label to number mapping with threshold 8
2018-06-24 08:50:03,850 - __main__ - INFO - Numerical encoding categorical data for user_type_region_category_name_param_1
2018-06-24 08:50:04,744 - __main__ - INFO - Numerical encoding categorical data for user_type_region_category_name_param_1
2018-06-24 08:50:05,120 - __main__ - INFO - Saving label encoded features for user_type_region_category_name_param_1 and thresh 8
2018-06-24 08:50:43,612 - __main__ - INFO - Fitting dictionary with label to number mapping with threshold 3
2018-06-24 08:50:43,627 - __main__ - INFO - Numerical encoding categorical data for user_type_region_category_name_param_1_param_2
2018-06-24 08:50:44,630 - __main__ - INFO - Numerical encoding categorical data for user_type_region_category_name_param_1_param_2
2018-06-24 08:50:45,055 - __main__ - INFO - Saving label encoded features for user_type_region_category_name_param_1_param_2 and thresh 3
2018-06-24 08:51:35,496 - __main__ - INFO - Fitting dictionary with label to number mapping with threshold 8
2018-06-24 08:51:35,509 - __main__ - INFO - Numerical encoding categorical data for user_type_region_category_name_param_1_param_2
2018-06-24 08:51:36,371 - __main__ - INFO - Numerical encoding categorical data for user_type_region_category_name_param_1_param_2
2018-06-24 08:51:36,768 - __main__ - INFO - Saving label encoded features for user_type_region_category_name_param_1_param_2 and thresh 8
2018-06-24 08:52:15,133 - __main__ - INFO - Fitting dictionary with label to number mapping with threshold 3
2018-06-24 08:52:15,181 - __main__ - INFO - Numerical encoding categorical data for user_type_city_category_name_param_1
2018-06-24 08:52:16,337 - __main__ - INFO - Numerical encoding categorical data for user_type_city_category_name_param_1
2018-06-24 08:52:16,839 - __main__ - INFO - Saving label encoded features for user_type_city_category_name_param_1 and thresh 3
2018-06-24 08:53:07,451 - __main__ - INFO - Fitting dictionary with label to number mapping with threshold 8
2018-06-24 08:53:07,485 - __main__ - INFO - Numerical encoding categorical data for user_type_city_category_name_param_1
2018-06-24 08:53:08,344 - __main__ - INFO - Numerical encoding categorical data for user_type_city_category_name_param_1
2018-06-24 08:53:08,848 - __main__ - INFO - Saving label encoded features for user_type_city_category_name_param_1 and thresh 8
2018-06-24 08:53:47,852 - __main__ - INFO - Fitting dictionary with label to number mapping with threshold 3
2018-06-24 08:53:47,915 - __main__ - INFO - Numerical encoding categorical data for user_type_city_category_name_param_1_param_2
2018-06-24 08:53:49,117 - __main__ - INFO - Numerical encoding categorical data for user_type_city_category_name_param_1_param_2
2018-06-24 08:53:49,664 - __main__ - INFO - Saving label encoded features for user_type_city_category_name_param_1_param_2 and thresh 3
2018-06-24 08:54:40,930 - __main__ - INFO - Fitting dictionary with label to number mapping with threshold 8
2018-06-24 08:54:40,979 - __main__ - INFO - Numerical encoding categorical data for user_type_city_category_name_param_1_param_2
2018-06-24 08:54:42,048 - __main__ - INFO - Numerical encoding categorical data for user_type_city_category_name_param_1_param_2
2018-06-24 08:54:42,554 - __main__ - INFO - Saving label encoded features for user_type_city_category_name_param_1_param_2 and thresh 8
2018-06-24 08:54:42,567 - __main__ - INFO - Generating target encoding features
2018-06-24 09:02:21,241 - __main__ - INFO - Saving target encoded features for user_id, thresh: 1
2018-06-24 09:10:00,795 - __main__ - INFO - Saving target encoded features for user_id, thresh: 3
2018-06-24 09:10:17,139 - __main__ - INFO - Saving target encoded features for region, thresh: 1
2018-06-24 09:10:33,637 - __main__ - INFO - Saving target encoded features for region, thresh: 3
2018-06-24 09:10:51,066 - __main__ - INFO - Saving target encoded features for city, thresh: 1
2018-06-24 09:11:06,655 - __main__ - INFO - Saving target encoded features for city, thresh: 3
2018-06-24 09:11:22,085 - __main__ - INFO - Saving target encoded features for parent_category_name, thresh: 1
2018-06-24 09:11:38,113 - __main__ - INFO - Saving target encoded features for parent_category_name, thresh: 3
2018-06-24 09:11:52,995 - __main__ - INFO - Saving target encoded features for category_name, thresh: 1
2018-06-24 09:12:08,499 - __main__ - INFO - Saving target encoded features for category_name, thresh: 3
2018-06-24 09:12:24,151 - __main__ - INFO - Saving target encoded features for param_1, thresh: 1
2018-06-24 09:12:39,336 - __main__ - INFO - Saving target encoded features for param_1, thresh: 3
2018-06-24 09:12:55,083 - __main__ - INFO - Saving target encoded features for param_2, thresh: 1
2018-06-24 09:13:10,768 - __main__ - INFO - Saving target encoded features for param_2, thresh: 3
2018-06-24 09:13:25,905 - __main__ - INFO - Saving target encoded features for param_3, thresh: 1
2018-06-24 09:13:42,039 - __main__ - INFO - Saving target encoded features for param_3, thresh: 3
2018-06-24 09:13:59,294 - __main__ - INFO - Saving target encoded features for image_top_1, thresh: 1
2018-06-24 09:14:16,475 - __main__ - INFO - Saving target encoded features for image_top_1, thresh: 3
2018-06-24 09:14:30,809 - __main__ - INFO - Saving target encoded features for user_type, thresh: 1
2018-06-24 09:14:46,910 - __main__ - INFO - Saving target encoded features for user_type, thresh: 3
2018-06-24 09:14:46,923 - __main__ - INFO - Generating target encoding features for combinations
2018-06-24 09:15:03,596 - __main__ - INFO - Saving label encoded features for region_parent_category_name and thresh 3
2018-06-24 09:15:20,803 - __main__ - INFO - Saving label encoded features for region_parent_category_name and thresh 8
2018-06-24 09:15:38,047 - __main__ - INFO - Saving label encoded features for region_category_name and thresh 3
2018-06-24 09:15:55,099 - __main__ - INFO - Saving label encoded features for region_category_name and thresh 8
2018-06-24 09:16:12,147 - __main__ - INFO - Saving label encoded features for region_param_1 and thresh 3
2018-06-24 09:16:28,483 - __main__ - INFO - Saving label encoded features for region_param_1 and thresh 8
2018-06-24 09:16:44,910 - __main__ - INFO - Saving label encoded features for region_param_2 and thresh 3
2018-06-24 09:17:01,726 - __main__ - INFO - Saving label encoded features for region_param_2 and thresh 8
2018-06-24 09:17:18,719 - __main__ - INFO - Saving label encoded features for region_param_3 and thresh 3
2018-06-24 09:17:35,371 - __main__ - INFO - Saving label encoded features for region_param_3 and thresh 8
2018-06-24 09:17:55,339 - __main__ - INFO - Saving label encoded features for region_image_top_1 and thresh 3
2018-06-24 09:18:22,914 - __main__ - INFO - Saving label encoded features for region_image_top_1 and thresh 8
2018-06-24 09:18:39,591 - __main__ - INFO - Saving label encoded features for region_user_type and thresh 3
2018-06-24 09:18:55,990 - __main__ - INFO - Saving label encoded features for region_user_type and thresh 8
2018-06-24 09:19:15,109 - __main__ - INFO - Saving label encoded features for city_parent_category_name and thresh 3
2018-06-24 09:19:36,229 - __main__ - INFO - Saving label encoded features for city_parent_category_name and thresh 8
2018-06-24 09:19:58,422 - __main__ - INFO - Saving label encoded features for city_category_name and thresh 3
2018-06-24 09:20:19,616 - __main__ - INFO - Saving label encoded features for city_category_name and thresh 8
2018-06-24 09:20:42,413 - __main__ - INFO - Saving label encoded features for city_param_1 and thresh 3
2018-06-24 09:21:04,625 - __main__ - INFO - Saving label encoded features for city_param_1 and thresh 8
2018-06-24 09:21:25,836 - __main__ - INFO - Saving label encoded features for city_param_2 and thresh 3
2018-06-24 09:21:46,862 - __main__ - INFO - Saving label encoded features for city_param_2 and thresh 8
2018-06-24 09:22:08,142 - __main__ - INFO - Saving label encoded features for city_param_3 and thresh 3
2018-06-24 09:22:28,889 - __main__ - INFO - Saving label encoded features for city_param_3 and thresh 8
2018-06-24 09:22:56,410 - __main__ - INFO - Saving label encoded features for city_image_top_1 and thresh 3
2018-06-24 09:23:22,963 - __main__ - INFO - Saving label encoded features for city_image_top_1 and thresh 8
2018-06-24 09:23:40,299 - __main__ - INFO - Saving label encoded features for city_user_type and thresh 3
2018-06-24 09:23:57,750 - __main__ - INFO - Saving label encoded features for city_user_type and thresh 8
2018-06-24 09:24:13,989 - __main__ - INFO - Saving label encoded features for parent_category_name_param_1 and thresh 3
2018-06-24 09:24:30,697 - __main__ - INFO - Saving label encoded features for parent_category_name_param_1 and thresh 8
2018-06-24 09:24:47,023 - __main__ - INFO - Saving label encoded features for parent_category_name_param_2 and thresh 3
2018-06-24 09:25:03,526 - __main__ - INFO - Saving label encoded features for parent_category_name_param_2 and thresh 8
2018-06-24 09:25:21,537 - __main__ - INFO - Saving label encoded features for parent_category_name_param_3 and thresh 3
2018-06-24 09:25:40,649 - __main__ - INFO - Saving label encoded features for parent_category_name_param_3 and thresh 8
2018-06-24 09:25:59,131 - __main__ - INFO - Saving label encoded features for parent_category_name_image_top_1 and thresh 3
2018-06-24 09:26:17,931 - __main__ - INFO - Saving label encoded features for parent_category_name_image_top_1 and thresh 8
2018-06-24 09:26:33,348 - __main__ - INFO - Saving label encoded features for parent_category_name_user_type and thresh 3
2018-06-24 09:26:49,710 - __main__ - INFO - Saving label encoded features for parent_category_name_user_type and thresh 8
2018-06-24 09:27:07,527 - __main__ - INFO - Saving label encoded features for category_name_param_1 and thresh 3
2018-06-24 09:27:25,228 - __main__ - INFO - Saving label encoded features for category_name_param_1 and thresh 8
2018-06-24 09:27:42,142 - __main__ - INFO - Saving label encoded features for category_name_param_2 and thresh 3
2018-06-24 09:27:59,488 - __main__ - INFO - Saving label encoded features for category_name_param_2 and thresh 8
2018-06-24 09:28:17,314 - __main__ - INFO - Saving label encoded features for category_name_param_3 and thresh 3
2018-06-24 09:28:35,040 - __main__ - INFO - Saving label encoded features for category_name_param_3 and thresh 8
2018-06-24 09:28:55,167 - __main__ - INFO - Saving label encoded features for category_name_image_top_1 and thresh 3
2018-06-24 09:29:14,522 - __main__ - INFO - Saving label encoded features for category_name_image_top_1 and thresh 8
2018-06-24 09:29:30,967 - __main__ - INFO - Saving label encoded features for category_name_user_type and thresh 3
2018-06-24 09:29:47,529 - __main__ - INFO - Saving label encoded features for category_name_user_type and thresh 8
2018-06-24 09:30:04,563 - __main__ - INFO - Saving label encoded features for param_1_param_2 and thresh 3
2018-06-24 09:30:22,163 - __main__ - INFO - Saving label encoded features for param_1_param_2 and thresh 8
2018-06-24 09:30:40,122 - __main__ - INFO - Saving label encoded features for param_1_param_3 and thresh 3
2018-06-24 09:30:56,701 - __main__ - INFO - Saving label encoded features for param_1_param_3 and thresh 8
2018-06-24 09:31:17,755 - __main__ - INFO - Saving label encoded features for param_1_image_top_1 and thresh 3
2018-06-24 09:31:38,306 - __main__ - INFO - Saving label encoded features for param_1_image_top_1 and thresh 8
2018-06-24 09:31:54,908 - __main__ - INFO - Saving label encoded features for param_1_user_type and thresh 3
2018-06-24 09:32:10,532 - __main__ - INFO - Saving label encoded features for param_1_user_type and thresh 8
2018-06-24 09:32:28,230 - __main__ - INFO - Saving label encoded features for param_2_param_3 and thresh 3
2018-06-24 09:32:44,983 - __main__ - INFO - Saving label encoded features for param_2_param_3 and thresh 8
2018-06-24 09:33:05,599 - __main__ - INFO - Saving label encoded features for param_2_image_top_1 and thresh 3
2018-06-24 09:33:24,940 - __main__ - INFO - Saving label encoded features for param_2_image_top_1 and thresh 8
2018-06-24 09:33:44,095 - __main__ - INFO - Saving label encoded features for param_3_image_top_1 and thresh 3
2018-06-24 09:34:03,499 - __main__ - INFO - Saving label encoded features for param_3_image_top_1 and thresh 8
2018-06-24 09:34:21,521 - __main__ - INFO - Saving label encoded features for image_top_1_user_type and thresh 3
2018-06-24 09:34:39,675 - __main__ - INFO - Saving label encoded features for image_top_1_user_type and thresh 8
2018-06-24 09:34:59,074 - __main__ - INFO - Saving label encoded features for region_category_name_param_1 and thresh 3
2018-06-24 09:35:18,349 - __main__ - INFO - Saving label encoded features for region_category_name_param_1 and thresh 8
2018-06-24 09:35:35,648 - __main__ - INFO - Saving label encoded features for user_type_region_parent_category_name and thresh 3
2018-06-24 09:35:53,765 - __main__ - INFO - Saving label encoded features for user_type_region_parent_category_name and thresh 8
2018-06-24 09:36:15,549 - __main__ - INFO - Saving label encoded features for user_type_region_category_name_param_1 and thresh 3
2018-06-24 09:36:36,199 - __main__ - INFO - Saving label encoded features for user_type_region_category_name_param_1 and thresh 8
2018-06-24 09:36:58,823 - __main__ - INFO - Saving label encoded features for user_type_region_category_name_param_1_param_2 and thresh 3
2018-06-24 09:37:21,244 - __main__ - INFO - Saving label encoded features for user_type_region_category_name_param_1_param_2 and thresh 8
2018-06-24 09:37:47,762 - __main__ - INFO - Saving label encoded features for user_type_city_category_name_param_1 and thresh 3
2018-06-24 09:38:14,031 - __main__ - INFO - Saving label encoded features for user_type_city_category_name_param_1 and thresh 8
2018-06-24 09:38:42,791 - __main__ - INFO - Saving label encoded features for user_type_city_category_name_param_1_param_2 and thresh 3
2018-06-24 09:39:10,553 - __main__ - INFO - Saving label encoded features for user_type_city_category_name_param_1_param_2 and thresh 8
2018-06-24 09:39:10,566 - __main__ - INFO - Generating target encoding features
2018-06-24 09:39:24,754 - __main__ - INFO - Saving target encoded features for region, thresh: 1
2018-06-24 09:39:40,102 - __main__ - INFO - Saving target encoded features for region, thresh: 3
2018-06-24 09:39:56,578 - __main__ - INFO - Saving target encoded features for city, thresh: 1
2018-06-24 09:40:13,503 - __main__ - INFO - Saving target encoded features for city, thresh: 3
2018-06-24 09:40:30,296 - __main__ - INFO - Saving target encoded features for parent_category_name, thresh: 1
2018-06-24 09:40:44,772 - __main__ - INFO - Saving target encoded features for parent_category_name, thresh: 3
2018-06-24 09:41:00,578 - __main__ - INFO - Saving target encoded features for category_name, thresh: 1
2018-06-24 09:41:15,235 - __main__ - INFO - Saving target encoded features for category_name, thresh: 3
2018-06-24 09:41:31,280 - __main__ - INFO - Saving target encoded features for param_1, thresh: 1
2018-06-24 09:41:47,688 - __main__ - INFO - Saving target encoded features for param_1, thresh: 3
2018-06-24 09:42:02,274 - __main__ - INFO - Saving target encoded features for param_2, thresh: 1
2018-06-24 09:42:18,128 - __main__ - INFO - Saving target encoded features for param_2, thresh: 3
2018-06-24 09:42:34,102 - __main__ - INFO - Saving target encoded features for param_3, thresh: 1
2018-06-24 09:42:48,790 - __main__ - INFO - Saving target encoded features for param_3, thresh: 3
2018-06-24 09:43:07,056 - __main__ - INFO - Saving target encoded features for image_top_1, thresh: 1
2018-06-24 09:43:22,073 - __main__ - INFO - Saving target encoded features for image_top_1, thresh: 3
2018-06-24 09:43:36,468 - __main__ - INFO - Saving target encoded features for user_type, thresh: 1
2018-06-24 09:43:52,852 - __main__ - INFO - Saving target encoded features for user_type, thresh: 3
