2018-06-24 09:59:48,343 - __main__ - INFO - Reading data
2018-06-24 10:00:23,697 - __main__ - INFO - Done. Read data with shape (1503424, 18) and (508438, 18)
2018-06-24 10:00:23,697 - __main__ - INFO - Generating count encoding features for base features
2018-06-24 10:00:24,580 - __main__ - INFO - Saving count features for region
2018-06-24 10:00:26,231 - __main__ - INFO - Saving count features for city
2018-06-24 10:00:26,967 - __main__ - INFO - Saving count features for parent_category_name
2018-06-24 10:00:27,709 - __main__ - INFO - Saving count features for category_name
2018-06-24 10:00:28,446 - __main__ - INFO - Saving count features for param_1
2018-06-24 10:00:29,178 - __main__ - INFO - Saving count features for param_2
2018-06-24 10:00:29,899 - __main__ - INFO - Saving count features for param_3
2018-06-24 10:00:30,484 - __main__ - INFO - Saving count features for user_type
2018-06-24 10:00:30,879 - __main__ - INFO - Saving count features for activation_date
2018-06-24 10:00:30,893 - __main__ - INFO - Generating count encoding features for combination features
2018-06-24 10:00:32,095 - __main__ - INFO - Saving count features for region_parent_category_name
2018-06-24 10:00:33,453 - __main__ - INFO - Saving count features for region_category_name
2018-06-24 10:00:34,914 - __main__ - INFO - Saving count features for region_param_1
2018-06-24 10:00:36,374 - __main__ - INFO - Saving count features for region_param_2
2018-06-24 10:00:37,857 - __main__ - INFO - Saving count features for region_param_3
2018-06-24 10:00:39,123 - __main__ - INFO - Saving count features for region_user_type
2018-06-24 10:00:40,351 - __main__ - INFO - Saving count features for region_activation_date
2018-06-24 10:00:42,008 - __main__ - INFO - Saving count features for city_parent_category_name
2018-06-24 10:00:43,725 - __main__ - INFO - Saving count features for city_category_name
2018-06-24 10:00:45,523 - __main__ - INFO - Saving count features for city_param_1
2018-06-24 10:00:47,386 - __main__ - INFO - Saving count features for city_param_2
2018-06-24 10:00:49,198 - __main__ - INFO - Saving count features for city_param_3
2018-06-24 10:00:50,784 - __main__ - INFO - Saving count features for city_user_type
2018-06-24 10:00:52,920 - __main__ - INFO - Saving count features for city_activation_date
2018-06-24 10:00:54,175 - __main__ - INFO - Saving count features for parent_category_name_param_1
2018-06-24 10:00:55,520 - __main__ - INFO - Saving count features for parent_category_name_param_2
2018-06-24 10:00:56,726 - __main__ - INFO - Saving count features for parent_category_name_param_3
2018-06-24 10:00:57,749 - __main__ - INFO - Saving count features for parent_category_name_user_type
2018-06-24 10:00:58,924 - __main__ - INFO - Saving count features for parent_category_name_activation_date
2018-06-24 10:01:00,121 - __main__ - INFO - Saving count features for category_name_param_1
2018-06-24 10:01:01,389 - __main__ - INFO - Saving count features for category_name_param_2
2018-06-24 10:01:02,845 - __main__ - INFO - Saving count features for category_name_param_3
2018-06-24 10:01:04,055 - __main__ - INFO - Saving count features for category_name_user_type
2018-06-24 10:01:05,298 - __main__ - INFO - Saving count features for category_name_activation_date
2018-06-24 10:01:06,693 - __main__ - INFO - Saving count features for param_1_param_2
2018-06-24 10:01:07,936 - __main__ - INFO - Saving count features for param_1_param_3
2018-06-24 10:01:09,068 - __main__ - INFO - Saving count features for param_1_user_type
2018-06-24 10:01:10,273 - __main__ - INFO - Saving count features for param_1_activation_date
2018-06-24 10:01:11,466 - __main__ - INFO - Saving count features for param_2_user_type
2018-06-24 10:01:12,779 - __main__ - INFO - Saving count features for param_2_activation_date
2018-06-24 10:01:14,091 - __main__ - INFO - Saving count features for param_3_user_type
2018-06-24 10:01:15,212 - __main__ - INFO - Saving count features for user_type_activation_date
2018-06-24 10:01:17,096 - __main__ - INFO - Saving count features for region_category_name_param_1
2018-06-24 10:01:18,987 - __main__ - INFO - Saving count features for region_category_name_param_2
2018-06-24 10:01:20,686 - __main__ - INFO - Saving count features for region_category_name_user_type
2018-06-24 10:01:22,767 - __main__ - INFO - Saving count features for region_category_name_activation_date
2018-06-24 10:01:24,626 - __main__ - INFO - Saving count features for region_param_1_param_2
2018-06-24 10:01:26,328 - __main__ - INFO - Saving count features for region_param_1_user_type
2018-06-24 10:01:28,290 - __main__ - INFO - Saving count features for region_param_1_activation_date
2018-06-24 10:01:30,028 - __main__ - INFO - Saving count features for region_param_2_user_type
2018-06-24 10:01:31,987 - __main__ - INFO - Saving count features for region_param_2_activation_date
2018-06-24 10:01:33,767 - __main__ - INFO - Saving count features for region_user_type_activation_date
2018-06-24 10:01:36,208 - __main__ - INFO - Saving count features for city_category_name_param_1
2018-06-24 10:01:38,707 - __main__ - INFO - Saving count features for city_category_name_param_2
2018-06-24 10:01:41,035 - __main__ - INFO - Saving count features for city_category_name_user_type
2018-06-24 10:01:43,819 - __main__ - INFO - Saving count features for city_category_name_activation_date
2018-06-24 10:01:46,208 - __main__ - INFO - Saving count features for city_param_1_param_2
2018-06-24 10:01:48,595 - __main__ - INFO - Saving count features for city_param_1_user_type
2018-06-24 10:01:51,496 - __main__ - INFO - Saving count features for city_param_1_activation_date
2018-06-24 10:01:53,840 - __main__ - INFO - Saving count features for city_param_2_user_type
2018-06-24 10:01:56,637 - __main__ - INFO - Saving count features for city_param_2_activation_date
2018-06-24 10:01:59,043 - __main__ - INFO - Saving count features for city_user_type_activation_date
2018-06-24 10:02:00,840 - __main__ - INFO - Saving count features for category_name_param_1_param_2
2018-06-24 10:02:02,505 - __main__ - INFO - Saving count features for category_name_param_1_user_type
2018-06-24 10:02:04,340 - __main__ - INFO - Saving count features for category_name_param_1_activation_date
2018-06-24 10:02:06,154 - __main__ - INFO - Saving count features for category_name_param_2_user_type
2018-06-24 10:02:08,034 - __main__ - INFO - Saving count features for category_name_param_2_activation_date
2018-06-24 10:02:09,913 - __main__ - INFO - Saving count features for category_name_user_type_activation_date
2018-06-24 10:02:11,677 - __main__ - INFO - Saving count features for param_1_param_2_user_type
2018-06-24 10:02:13,734 - __main__ - INFO - Saving count features for param_1_param_2_activation_date
2018-06-24 10:02:15,497 - __main__ - INFO - Saving count features for param_1_user_type_activation_date
2018-06-24 10:02:17,317 - __main__ - INFO - Saving count features for param_2_user_type_activation_date
2018-06-24 10:02:19,685 - __main__ - INFO - Saving count features for region_category_name_param_1_param_2
2018-06-24 10:02:22,005 - __main__ - INFO - Saving count features for region_category_name_param_1_user_type
2018-06-24 10:02:24,776 - __main__ - INFO - Saving count features for region_category_name_param_1_activation_date
2018-06-24 10:02:27,081 - __main__ - INFO - Saving count features for region_category_name_param_2_user_type
2018-06-24 10:02:29,942 - __main__ - INFO - Saving count features for region_category_name_param_2_activation_date
2018-06-24 10:02:32,468 - __main__ - INFO - Saving count features for region_category_name_user_type_activation_date
2018-06-24 10:02:34,676 - __main__ - INFO - Saving count features for region_param_1_param_2_user_type
2018-06-24 10:02:37,415 - __main__ - INFO - Saving count features for region_param_1_param_2_activation_date
2018-06-24 10:02:40,097 - __main__ - INFO - Saving count features for region_param_1_user_type_activation_date
2018-06-24 10:02:42,730 - __main__ - INFO - Saving count features for region_param_2_user_type_activation_date
2018-06-24 10:02:45,593 - __main__ - INFO - Saving count features for city_category_name_param_1_param_2
2018-06-24 10:02:48,341 - __main__ - INFO - Saving count features for city_category_name_param_1_user_type
2018-06-24 10:02:51,886 - __main__ - INFO - Saving count features for city_category_name_param_1_activation_date
2018-06-24 10:02:54,776 - __main__ - INFO - Saving count features for city_category_name_param_2_user_type
2018-06-24 10:02:58,231 - __main__ - INFO - Saving count features for city_category_name_param_2_activation_date
2018-06-24 10:03:01,660 - __main__ - INFO - Saving count features for city_category_name_user_type_activation_date
2018-06-24 10:03:04,557 - __main__ - INFO - Saving count features for city_param_1_param_2_user_type
2018-06-24 10:03:08,006 - __main__ - INFO - Saving count features for city_param_1_param_2_activation_date
2018-06-24 10:03:11,545 - __main__ - INFO - Saving count features for city_param_1_user_type_activation_date
2018-06-24 10:03:14,886 - __main__ - INFO - Saving count features for city_param_2_user_type_activation_date
2018-06-24 10:03:17,061 - __main__ - INFO - Saving count features for category_name_param_1_param_2_user_type
2018-06-24 10:03:19,637 - __main__ - INFO - Saving count features for category_name_param_1_param_2_activation_date
2018-06-24 10:03:22,064 - __main__ - INFO - Saving count features for category_name_param_1_user_type_activation_date
2018-06-24 10:03:24,390 - __main__ - INFO - Saving count features for category_name_param_2_user_type_activation_date
2018-06-24 10:03:26,881 - __main__ - INFO - Saving count features for param_1_param_2_user_type_activation_date
