2018-06-20 23:10:59,630 - __main__ - INFO - Reading data
2018-06-20 23:11:05,555 - __main__ - INFO - Done. Read data with shape (100000, 18) and (508438, 18)
2018-06-20 23:11:18,727 - __main__ - INFO - Reading data
2018-06-20 23:11:24,763 - __main__ - INFO - Done. Read data with shape (100000, 18) and (508438, 18)
2018-06-20 23:11:39,714 - __main__ - INFO - Shape of data (100000, 131977)
2018-06-20 23:11:50,709 - __main__ - INFO - Score for settings ('l1', 1, True, True, True) is 0.24753711958420482
2018-06-20 23:12:05,804 - __main__ - INFO - Shape of data (100000, 131977)
2018-06-20 23:12:17,787 - __main__ - INFO - Score for settings ('l1', 1, True, True, False) is 0.24756066421058592
2018-06-20 23:12:33,138 - __main__ - INFO - Shape of data (100000, 131977)
2018-06-20 23:12:46,727 - __main__ - INFO - Score for settings ('l1', 1, True, False, True) is 0.2474825100131991
2018-06-20 23:13:01,787 - __main__ - INFO - Shape of data (100000, 131977)
2018-06-20 23:13:13,995 - __main__ - INFO - Score for settings ('l1', 1, True, False, False) is 0.24750473437259107
2018-06-20 23:13:28,999 - __main__ - INFO - Shape of data (100000, 131977)
2018-06-20 23:13:39,301 - __main__ - INFO - Score for settings ('l1', 1, False, True, True) is 0.2475427400577359
2018-06-20 23:13:54,570 - __main__ - INFO - Shape of data (100000, 131977)
2018-06-20 23:14:03,189 - __main__ - INFO - Score for settings ('l1', 1, False, True, False) is 0.24752069949803543
2018-06-20 23:14:18,407 - __main__ - INFO - Shape of data (100000, 131977)
2018-06-20 23:14:27,893 - __main__ - INFO - Score for settings ('l1', 1, False, False, True) is 0.2475427400577359
2018-06-20 23:14:43,297 - __main__ - INFO - Shape of data (100000, 131977)
2018-06-20 23:14:53,179 - __main__ - INFO - Score for settings ('l1', 1, False, False, False) is 0.24752069949803543
2018-06-20 23:15:08,412 - __main__ - INFO - Shape of data (100000, 33160)
2018-06-20 23:15:19,907 - __main__ - INFO - Score for settings ('l1', 2, True, True, True) is 0.24782261078815124
2018-06-20 23:15:35,177 - __main__ - INFO - Shape of data (100000, 33160)
2018-06-20 23:15:48,579 - __main__ - INFO - Score for settings ('l1', 2, True, True, False) is 0.24783957852916774
2018-06-20 23:16:03,911 - __main__ - INFO - Shape of data (100000, 33160)
2018-06-20 23:16:13,111 - __main__ - INFO - Score for settings ('l1', 2, True, False, True) is 0.24782336789427292
2018-06-20 23:16:28,272 - __main__ - INFO - Shape of data (100000, 33160)
2018-06-20 23:16:38,270 - __main__ - INFO - Score for settings ('l1', 2, True, False, False) is 0.2478317845431555
2018-06-20 23:16:53,398 - __main__ - INFO - Shape of data (100000, 33160)
2018-06-20 23:17:04,625 - __main__ - INFO - Score for settings ('l1', 2, False, True, True) is 0.24759168279553115
2018-06-20 23:17:19,866 - __main__ - INFO - Shape of data (100000, 33160)
2018-06-20 23:17:32,362 - __main__ - INFO - Score for settings ('l1', 2, False, True, False) is 0.24759599139337657
2018-06-20 23:17:47,734 - __main__ - INFO - Shape of data (100000, 33160)
2018-06-20 23:17:56,548 - __main__ - INFO - Score for settings ('l1', 2, False, False, True) is 0.24759168279553115
2018-06-20 23:18:12,203 - __main__ - INFO - Shape of data (100000, 33160)
2018-06-20 23:18:28,945 - __main__ - INFO - Score for settings ('l1', 2, False, False, False) is 0.24759599139337657
2018-06-20 23:18:44,875 - __main__ - INFO - Shape of data (100000, 11604)
2018-06-20 23:18:59,259 - __main__ - INFO - Score for settings ('l1', 5, True, True, True) is 0.24765349546013962
2018-06-20 23:19:14,357 - __main__ - INFO - Shape of data (100000, 11604)
2018-06-20 23:19:25,850 - __main__ - INFO - Score for settings ('l1', 5, True, True, False) is 0.24762457686868292
2018-06-20 23:19:40,893 - __main__ - INFO - Shape of data (100000, 11604)
2018-06-20 23:19:52,682 - __main__ - INFO - Score for settings ('l1', 5, True, False, True) is 0.24767224237569305
2018-06-20 23:20:07,699 - __main__ - INFO - Shape of data (100000, 11604)
2018-06-20 23:20:19,660 - __main__ - INFO - Score for settings ('l1', 5, True, False, False) is 0.2476733346860894
2018-06-20 23:20:35,190 - __main__ - INFO - Shape of data (100000, 11604)
2018-06-20 23:20:49,854 - __main__ - INFO - Score for settings ('l1', 5, False, True, True) is 0.24767756864311608
2018-06-20 23:21:05,368 - __main__ - INFO - Shape of data (100000, 11604)
2018-06-20 23:21:15,082 - __main__ - INFO - Score for settings ('l1', 5, False, True, False) is 0.24766183023835014
2018-06-20 23:21:30,265 - __main__ - INFO - Shape of data (100000, 11604)
2018-06-20 23:21:39,731 - __main__ - INFO - Score for settings ('l1', 5, False, False, True) is 0.24767756864311608
2018-06-20 23:21:55,035 - __main__ - INFO - Shape of data (100000, 11604)
2018-06-20 23:22:02,922 - __main__ - INFO - Score for settings ('l1', 5, False, False, False) is 0.24766183023835014
2018-06-20 23:22:17,966 - __main__ - INFO - Shape of data (100000, 5908)
2018-06-20 23:22:29,207 - __main__ - INFO - Score for settings ('l1', 10, True, True, True) is 0.2474795670578522
2018-06-20 23:22:44,674 - __main__ - INFO - Shape of data (100000, 5908)
2018-06-20 23:22:57,165 - __main__ - INFO - Score for settings ('l1', 10, True, True, False) is 0.24747694062306752
2018-06-20 23:23:12,484 - __main__ - INFO - Shape of data (100000, 5908)
2018-06-20 23:23:32,775 - __main__ - INFO - Score for settings ('l1', 10, True, False, True) is 0.24748536743861974
2018-06-20 23:23:47,989 - __main__ - INFO - Shape of data (100000, 5908)
2018-06-20 23:24:04,053 - __main__ - INFO - Score for settings ('l1', 10, True, False, False) is 0.24747859180937237
2018-06-20 23:24:19,197 - __main__ - INFO - Shape of data (100000, 5908)
2018-06-20 23:24:29,489 - __main__ - INFO - Score for settings ('l1', 10, False, True, True) is 0.2475248324056339
2018-06-20 23:24:44,901 - __main__ - INFO - Shape of data (100000, 5908)
2018-06-20 23:24:55,484 - __main__ - INFO - Score for settings ('l1', 10, False, True, False) is 0.24752663114862475
2018-06-20 23:25:11,040 - __main__ - INFO - Shape of data (100000, 5908)
2018-06-20 23:25:23,110 - __main__ - INFO - Score for settings ('l1', 10, False, False, True) is 0.2475248324056339
2018-06-20 23:25:38,781 - __main__ - INFO - Shape of data (100000, 5908)
2018-06-20 23:25:49,285 - __main__ - INFO - Score for settings ('l1', 10, False, False, False) is 0.24752663114862475
2018-06-20 23:26:04,429 - __main__ - INFO - Shape of data (100000, 131977)
2018-06-20 23:26:19,436 - __main__ - INFO - Score for settings ('l2', 1, True, True, True) is 0.24742897017709461
2018-06-20 23:26:34,721 - __main__ - INFO - Shape of data (100000, 131977)
2018-06-20 23:26:49,354 - __main__ - INFO - Score for settings ('l2', 1, True, True, False) is 0.24742058102324807
2018-06-20 23:27:05,006 - __main__ - INFO - Shape of data (100000, 131977)
2018-06-20 23:27:16,293 - __main__ - INFO - Score for settings ('l2', 1, True, False, True) is 0.24747579917104878
2018-06-20 23:27:31,849 - __main__ - INFO - Shape of data (100000, 131977)
2018-06-20 23:27:46,978 - __main__ - INFO - Score for settings ('l2', 1, True, False, False) is 0.2474898623252376
2018-06-20 23:28:02,468 - __main__ - INFO - Shape of data (100000, 131977)
2018-06-20 23:28:13,216 - __main__ - INFO - Score for settings ('l2', 1, False, True, True) is 0.247555472723594
2018-06-20 23:28:28,762 - __main__ - INFO - Shape of data (100000, 131977)
2018-06-20 23:28:37,443 - __main__ - INFO - Score for settings ('l2', 1, False, True, False) is 0.24751110671092993
2018-06-20 23:28:52,649 - __main__ - INFO - Shape of data (100000, 131977)
2018-06-20 23:29:02,831 - __main__ - INFO - Score for settings ('l2', 1, False, False, True) is 0.247555472723594
2018-06-20 23:29:18,231 - __main__ - INFO - Shape of data (100000, 131977)
2018-06-20 23:29:27,104 - __main__ - INFO - Score for settings ('l2', 1, False, False, False) is 0.24751110671092993
2018-06-20 23:29:42,390 - __main__ - INFO - Shape of data (100000, 33160)
2018-06-20 23:29:55,014 - __main__ - INFO - Score for settings ('l2', 2, True, True, True) is 0.24786505476267867
2018-06-20 23:30:10,192 - __main__ - INFO - Shape of data (100000, 33160)
2018-06-20 23:30:21,423 - __main__ - INFO - Score for settings ('l2', 2, True, True, False) is 0.2478228867199298
2018-06-20 23:30:36,739 - __main__ - INFO - Shape of data (100000, 33160)
2018-06-20 23:30:48,598 - __main__ - INFO - Score for settings ('l2', 2, True, False, True) is 0.24793155456968077
2018-06-20 23:31:03,793 - __main__ - INFO - Shape of data (100000, 33160)
2018-06-20 23:31:14,756 - __main__ - INFO - Score for settings ('l2', 2, True, False, False) is 0.24788050447486848
2018-06-20 23:31:30,705 - __main__ - INFO - Shape of data (100000, 33160)
2018-06-20 23:32:00,544 - __main__ - INFO - Score for settings ('l2', 2, False, True, True) is 0.24760415929793234
2018-06-20 23:32:16,580 - __main__ - INFO - Shape of data (100000, 33160)
2018-06-20 23:32:25,780 - __main__ - INFO - Score for settings ('l2', 2, False, True, False) is 0.24755549150691844
2018-06-20 23:32:52,977 - __main__ - INFO - Shape of data (100000, 33160)
2018-06-20 23:33:03,786 - __main__ - INFO - Score for settings ('l2', 2, False, False, True) is 0.24760415929793234
2018-06-20 23:33:19,044 - __main__ - INFO - Shape of data (100000, 33160)
2018-06-20 23:33:31,450 - __main__ - INFO - Score for settings ('l2', 2, False, False, False) is 0.24755549150691844
2018-06-20 23:33:47,060 - __main__ - INFO - Shape of data (100000, 11604)
2018-06-20 23:33:59,605 - __main__ - INFO - Score for settings ('l2', 5, True, True, True) is 0.24765203558798773
2018-06-20 23:34:15,146 - __main__ - INFO - Shape of data (100000, 11604)
2018-06-20 23:34:23,813 - __main__ - INFO - Score for settings ('l2', 5, True, True, False) is 0.2476119225413105
2018-06-20 23:34:38,931 - __main__ - INFO - Shape of data (100000, 11604)
2018-06-20 23:34:49,383 - __main__ - INFO - Score for settings ('l2', 5, True, False, True) is 0.24765498687915638
2018-06-20 23:35:04,729 - __main__ - INFO - Shape of data (100000, 11604)
2018-06-20 23:35:15,210 - __main__ - INFO - Score for settings ('l2', 5, True, False, False) is 0.2476262622726102
2018-06-20 23:35:31,098 - __main__ - INFO - Shape of data (100000, 11604)
2018-06-20 23:35:39,135 - __main__ - INFO - Score for settings ('l2', 5, False, True, True) is 0.24765891416960317
2018-06-20 23:35:54,278 - __main__ - INFO - Shape of data (100000, 11604)
2018-06-20 23:36:02,991 - __main__ - INFO - Score for settings ('l2', 5, False, True, False) is 0.24761814958488704
2018-06-20 23:36:18,438 - __main__ - INFO - Shape of data (100000, 11604)
2018-06-20 23:36:29,224 - __main__ - INFO - Score for settings ('l2', 5, False, False, True) is 0.24765891416960317
2018-06-20 23:36:44,849 - __main__ - INFO - Shape of data (100000, 11604)
2018-06-20 23:36:54,292 - __main__ - INFO - Score for settings ('l2', 5, False, False, False) is 0.24761814958488704
2018-06-20 23:37:09,685 - __main__ - INFO - Shape of data (100000, 5908)
2018-06-20 23:37:21,909 - __main__ - INFO - Score for settings ('l2', 10, True, True, True) is 0.24764434304967445
2018-06-20 23:37:37,787 - __main__ - INFO - Shape of data (100000, 5908)
2018-06-20 23:37:59,493 - __main__ - INFO - Score for settings ('l2', 10, True, True, False) is 0.24766463576211986
2018-06-20 23:38:15,383 - __main__ - INFO - Shape of data (100000, 5908)
2018-06-20 23:38:36,068 - __main__ - INFO - Score for settings ('l2', 10, True, False, True) is 0.2476122441801409
2018-06-20 23:38:52,160 - __main__ - INFO - Shape of data (100000, 5908)
2018-06-20 23:39:13,042 - __main__ - INFO - Score for settings ('l2', 10, True, False, False) is 0.24762775671061513
2018-06-20 23:39:28,991 - __main__ - INFO - Shape of data (100000, 5908)
2018-06-20 23:39:51,234 - __main__ - INFO - Score for settings ('l2', 10, False, True, True) is 0.2475276049131458
2018-06-20 23:40:07,277 - __main__ - INFO - Shape of data (100000, 5908)
2018-06-20 23:40:28,523 - __main__ - INFO - Score for settings ('l2', 10, False, True, False) is 0.24753198607799795
2018-06-20 23:40:44,715 - __main__ - INFO - Shape of data (100000, 5908)
2018-06-20 23:41:08,992 - __main__ - INFO - Score for settings ('l2', 10, False, False, True) is 0.2475276049131458
2018-06-20 23:41:25,225 - __main__ - INFO - Shape of data (100000, 5908)
2018-06-20 23:41:44,612 - __main__ - INFO - Score for settings ('l2', 10, False, False, False) is 0.24753198607799795
